[2024-07-29 11:37:58] local.INFO: Entering create method {"project_id":"DP-0002"}
[2024-07-29 11:37:58] local.INFO: Project retrieved successfully {"project":{"App\\Models\\OldProjects\\Project":{"id":38,"project_id":"DP-0002","user_id":3,"project_type":"Development Projects","project_title":"DP-0002 706","society_name":"SARVAJANA SNEHA CHARITABLE TRUST","president_name":"Provincial 1","in_charge":21,"in_charge_name":"Hans Reichert","in_charge_mobile":"(559) 812-5104","in_charge_email":"leonardo20@example.net","executor_name":"Executor","executor_mobile":"101010","executor_email":"bounce@footprint.org.in","full_address":"executor address","overall_project_period":"2","current_phase":"2","commencement_month_year":"2023-2-01","overall_project_budget":"74150.00","amount_forwarded":"999.00","amount_sanctioned":"74150.00","opening_balance":null,"coordinator_india_name":"Coordinator India","coordinator_india_phone":"987654","coordinator_india_email":"hello@footprint.org.in","coordinator_luzern_name":"Coordinator Swiss","coordinator_luzern_phone":"+1-314-903-1561","coordinator_luzern_email":"wintheiser.marge@example.net","goal":"DP-0002","status":null,"created_at":"2024-07-24T08:31:50.000000Z","updated_at":"2024-07-24T08:31:50.000000Z"}}}
[2024-07-29 11:37:58] local.INFO: Retrieved highest phase for the project {"highestPhase":2}
[2024-07-29 11:37:58] local.INFO: Budgets retrieved for the highest phase {"budgets":{"Illuminate\\Database\\Eloquent\\Collection":[{"id":89,"project_id":"DP-0002","phase":2,"particular":"DP-0002 b1","rate_quantity":"550.00","rate_multiplier":"6.00","rate_duration":"6.00","rate_increase":"0.00","this_phase":"19800.00","next_phase":"0.00","created_at":"2024-07-24T08:31:50.000000Z","updated_at":"2024-07-24T08:31:50.000000Z"},{"id":90,"project_id":"DP-0002","phase":2,"particular":"DP-0002 b2","rate_quantity":"650.00","rate_multiplier":"7.00","rate_duration":"7.00","rate_increase":"0.00","this_phase":"31850.00","next_phase":"0.00","created_at":"2024-07-24T08:31:50.000000Z","updated_at":"2024-07-24T08:31:50.000000Z"}]}}
[2024-07-29 11:37:58] local.INFO: Sanctioned and forwarded amounts {"amountSanctioned":"74150.00","amountForwarded":"999.00"}
[2024-07-29 11:37:58] local.INFO: Last expenses retrieved {"lastExpenses":{"Illuminate\\Support\\Collection":{"DP-0002 b1":"505.00","DP-0002 b2":"507.00"}}}
[2024-07-29 11:39:01] local.INFO: Entering store method {"request":{"_token":"5rKCPGuy5DzEg4iXf5UHNZ6kjdqOYGOFbPjk9F9N","project_id":"DP-0002","project_type":"Development Projects","project_id_display":"DP-0002","project_title":"DP-0002 706","place":"AjitSing Nagar","society_name":"SARVAJANA SNEHA CHARITABLE TRUST","commencement_month_year":"2023-2-01","in_charge":"Executor","total_beneficiaries":"9","report_month":"3","report_year":"2024","goal":"DP-0002","objective":{"1":"Objective"},"expected_outcome":{"1":"Objective"},"month":{"1":{"1":"March"}},"summary_activities":{"1":{"1":{"1":"Objective"}}},"qualitative_quantitative_data":{"1":{"1":{"1":"Objective"}}},"intermediate_outcomes":{"1":{"1":{"1":"Objective"}}},"not_happened":{"1":"Objective"},"why_not_happened":{"1":"Objective"},"changes":{"1":"yes"},"why_changes":{"1":"Objective"},"lessons_learnt":{"1":"Objective"},"todo_lessons_learnt":{"1":"Objective"},"date":{"1":"2024-07-01"},"plan_next_month":{"1":"Objective"},"account_period_start":"2024-07-11","account_period_end":"2024-07-18","amount_sanctioned_overview":"74150.00","amount_forwarded_overview":"999.00","amount_in_hand":"75149","particulars":["DP-0002 b1","DP-0002 b2"],"amount_forwarded":["0","0"],"amount_sanctioned":["19800.00","31850.00"],"total_amount":["19800.00","31850.00"],"expenses_last_month":["505.00","507.00"],"expenses_this_month":["666","444"],"total_expenses":["1171.00","951.00"],"balance_amount":["18629.00","30899.00"],"total_balance_forwarded":"49528.00","photo_descriptions":["hhkasjdhc"],"photos":[{"Illuminate\\Http\\UploadedFile":"/private/var/folders/rp/8chky69n0c35gj7lpvhsw_440000gn/T/phpSTj5HK"}]}}
[2024-07-29 11:39:01] local.INFO: Starting transaction for storing report
[2024-07-29 11:39:01] local.ERROR: Error storing report {"exception":"[object] (Illuminate\\Database\\QueryException(code: HY000): SQLSTATE[HY000]: General error: 1366 Incorrect integer value: 'submitted' for column 'status' at row 1 (Connection: mysql, SQL: insert into `DP_Reports` (`report_id`, `user_id`, `project_id`, `project_title`, `project_type`, `place`, `society_name`, `commencement_month_year`, `in_charge`, `total_beneficiaries`, `report_month_year`, `goal`, `account_period_start`, `account_period_end`, `amount_sanctioned_overview`, `amount_forwarded_overview`, `amount_in_hand`, `total_balance_forwarded`, `status`, `updated_at`, `created_at`) values (1d4c2e03-4293-4ffe-b612-4c330a759d15, 3, DP-0002, DP-0002 706, Development Projects, AjitSing Nagar, SARVAJANA SNEHA CHARITABLE TRUST, 2023-2-01, Executor, 9, ?, DP-0002, 2024-07-11, 2024-07-18, 74150.00, 999.00, 75149, 49528.00, submitted, 2024-07-29 11:39:01, 2024-07-29 11:39:01)) at /Applications/MAMP/htdocs/Laravel/SalProjects/vendor/laravel/framework/src/Illuminate/Database/Connection.php:829)
[stacktrace]
#0 /Applications/MAMP/htdocs/Laravel/SalProjects/vendor/laravel/framework/src/Illuminate/Database/Connection.php(783): Illuminate\\Database\\Connection->runQueryCallback('insert into `DP...', Array, Object(Closure))
#1 /Applications/MAMP/htdocs/Laravel/SalProjects/vendor/laravel/framework/src/Illuminate/Database/Connection.php(576): Illuminate\\Database\\Connection->run('insert into `DP...', Array, Object(Closure))
#2 /Applications/MAMP/htdocs/Laravel/SalProjects/vendor/laravel/framework/src/Illuminate/Database/Connection.php(540): Illuminate\\Database\\Connection->statement('insert into `DP...', Array)
#3 /Applications/MAMP/htdocs/Laravel/SalProjects/vendor/laravel/framework/src/Illuminate/Database/Query/Builder.php(3456): Illuminate\\Database\\Connection->insert('insert into `DP...', Array)
#4 /Applications/MAMP/htdocs/Laravel/SalProjects/vendor/laravel/framework/src/Illuminate/Database/Eloquent/Builder.php(1982): Illuminate\\Database\\Query\\Builder->insert(Array)
#5 /Applications/MAMP/htdocs/Laravel/SalProjects/vendor/laravel/framework/src/Illuminate/Database/Eloquent/Model.php(1309): Illuminate\\Database\\Eloquent\\Builder->__call('insert', Array)
#6 /Applications/MAMP/htdocs/Laravel/SalProjects/vendor/laravel/framework/src/Illuminate/Database/Eloquent/Model.php(1137): Illuminate\\Database\\Eloquent\\Model->performInsert(Object(Illuminate\\Database\\Eloquent\\Builder))
#7 /Applications/MAMP/htdocs/Laravel/SalProjects/vendor/laravel/framework/src/Illuminate/Database/Eloquent/Builder.php(1025): Illuminate\\Database\\Eloquent\\Model->save()
#8 /Applications/MAMP/htdocs/Laravel/SalProjects/vendor/laravel/framework/src/Illuminate/Support/helpers.php(307): Illuminate\\Database\\Eloquent\\Builder->Illuminate\\Database\\Eloquent\\{closure}(Object(App\\Models\\Reports\\Monthly\\DPReport))
#9 /Applications/MAMP/htdocs/Laravel/SalProjects/vendor/laravel/framework/src/Illuminate/Database/Eloquent/Builder.php(1024): tap(Object(App\\Models\\Reports\\Monthly\\DPReport), Object(Closure))
#10 /Applications/MAMP/htdocs/Laravel/SalProjects/vendor/laravel/framework/src/Illuminate/Support/Traits/ForwardsCalls.php(23): Illuminate\\Database\\Eloquent\\Builder->create(Array)
#11 /Applications/MAMP/htdocs/Laravel/SalProjects/vendor/laravel/framework/src/Illuminate/Database/Eloquent/Model.php(2334): Illuminate\\Database\\Eloquent\\Model->forwardCallTo(Object(Illuminate\\Database\\Eloquent\\Builder), 'create', Array)
#12 /Applications/MAMP/htdocs/Laravel/SalProjects/vendor/laravel/framework/src/Illuminate/Database/Eloquent/Model.php(2346): Illuminate\\Database\\Eloquent\\Model->__call('create', Array)
#13 /Applications/MAMP/htdocs/Laravel/SalProjects/app/Http/Controllers/Reports/Monthly/ReportController.php(80): Illuminate\\Database\\Eloquent\\Model::__callStatic('create', Array)
#14 /Applications/MAMP/htdocs/Laravel/SalProjects/vendor/laravel/framework/src/Illuminate/Routing/Controller.php(54): App\\Http\\Controllers\\Reports\\Monthly\\ReportController->store(Object(Illuminate\\Http\\Request))
#15 /Applications/MAMP/htdocs/Laravel/SalProjects/vendor/laravel/framework/src/Illuminate/Routing/ControllerDispatcher.php(43): Illuminate\\Routing\\Controller->callAction('store', Array)
#16 /Applications/MAMP/htdocs/Laravel/SalProjects/vendor/laravel/framework/src/Illuminate/Routing/Route.php(259): Illuminate\\Routing\\ControllerDispatcher->dispatch(Object(Illuminate\\Routing\\Route), Object(App\\Http\\Controllers\\Reports\\Monthly\\ReportController), 'store')
#17 /Applications/MAMP/htdocs/Laravel/SalProjects/vendor/laravel/framework/src/Illuminate/Routing/Route.php(205): Illuminate\\Routing\\Route->runController()
#18 /Applications/MAMP/htdocs/Laravel/SalProjects/vendor/laravel/framework/src/Illuminate/Routing/Router.php(806): Illuminate\\Routing\\Route->run()
#19 /Applications/MAMP/htdocs/Laravel/SalProjects/vendor/laravel/framework/src/Illuminate/Pipeline/Pipeline.php(144): Illuminate\\Routing\\Router->Illuminate\\Routing\\{closure}(Object(Illuminate\\Http\\Request))
#20 /Applications/MAMP/htdocs/Laravel/SalProjects/app/Http/Middleware/Role.php(22): Illuminate\\Pipeline\\Pipeline->Illuminate\\Pipeline\\{closure}(Object(Illuminate\\Http\\Request))
#21 /Applications/MAMP/htdocs/Laravel/SalProjects/vendor/laravel/framework/src/Illuminate/Pipeline/Pipeline.php(183): App\\Http\\Middleware\\Role->handle(Object(Illuminate\\Http\\Request), Object(Closure), 'executor')
#22 /Applications/MAMP/htdocs/Laravel/SalProjects/app/Http/Middleware/ShareProfileData.php(26): Illuminate\\Pipeline\\Pipeline->Illuminate\\Pipeline\\{closure}(Object(Illuminate\\Http\\Request))
#23 /Applications/MAMP/htdocs/Laravel/SalProjects/vendor/laravel/framework/src/Illuminate/Pipeline/Pipeline.php(183): App\\Http\\Middleware\\ShareProfileData->handle(Object(Illuminate\\Http\\Request), Object(Closure))
#24 /Applications/MAMP/htdocs/Laravel/SalProjects/vendor/laravel/framework/src/Illuminate/Routing/Middleware/SubstituteBindings.php(50): Illuminate\\Pipeline\\Pipeline->Illuminate\\Pipeline\\{closure}(Object(Illuminate\\Http\\Request))
#25 /Applications/MAMP/htdocs/Laravel/SalProjects/vendor/laravel/framework/src/Illuminate/Pipeline/Pipeline.php(183): Illuminate\\Routing\\Middleware\\SubstituteBindings->handle(Object(Illuminate\\Http\\Request), Object(Closure))
#26 /Applications/MAMP/htdocs/Laravel/SalProjects/vendor/laravel/framework/src/Illuminate/Auth/Middleware/Authenticate.php(57): Illuminate\\Pipeline\\Pipeline->Illuminate\\Pipeline\\{closure}(Object(Illuminate\\Http\\Request))
#27 /Applications/MAMP/htdocs/Laravel/SalProjects/vendor/laravel/framework/src/Illuminate/Pipeline/Pipeline.php(183): Illuminate\\Auth\\Middleware\\Authenticate->handle(Object(Illuminate\\Http\\Request), Object(Closure))
#28 /Applications/MAMP/htdocs/Laravel/SalProjects/vendor/laravel/framework/src/Illuminate/Foundation/Http/Middleware/VerifyCsrfToken.php(78): Illuminate\\Pipeline\\Pipeline->Illuminate\\Pipeline\\{closure}(Object(Illuminate\\Http\\Request))
#29 /Applications/MAMP/htdocs/Laravel/SalProjects/vendor/laravel/framework/src/Illuminate/Pipeline/Pipeline.php(183): Illuminate\\Foundation\\Http\\Middleware\\VerifyCsrfToken->handle(Object(Illuminate\\Http\\Request), Object(Closure))
#30 /Applications/MAMP/htdocs/Laravel/SalProjects/vendor/laravel/framework/src/Illuminate/View/Middleware/ShareErrorsFromSession.php(49): Illuminate\\Pipeline\\Pipeline->Illuminate\\Pipeline\\{closure}(Object(Illuminate\\Http\\Request))
#31 /Applications/MAMP/htdocs/Laravel/SalProjects/vendor/laravel/framework/src/Illuminate/Pipeline/Pipeline.php(183): Illuminate\\View\\Middleware\\ShareErrorsFromSession->handle(Object(Illuminate\\Http\\Request), Object(Closure))
#32 /Applications/MAMP/htdocs/Laravel/SalProjects/vendor/laravel/framework/src/Illuminate/Session/Middleware/StartSession.php(121): Illuminate\\Pipeline\\Pipeline->Illuminate\\Pipeline\\{closure}(Object(Illuminate\\Http\\Request))
#33 /Applications/MAMP/htdocs/Laravel/SalProjects/vendor/laravel/framework/src/Illuminate/Session/Middleware/StartSession.php(64): Illuminate\\Session\\Middleware\\StartSession->handleStatefulRequest(Object(Illuminate\\Http\\Request), Object(Illuminate\\Session\\Store), Object(Closure))
#34 /Applications/MAMP/htdocs/Laravel/SalProjects/vendor/laravel/framework/src/Illuminate/Pipeline/Pipeline.php(183): Illuminate\\Session\\Middleware\\StartSession->handle(Object(Illuminate\\Http\\Request), Object(Closure))
#35 /Applications/MAMP/htdocs/Laravel/SalProjects/vendor/laravel/framework/src/Illuminate/Cookie/Middleware/AddQueuedCookiesToResponse.php(37): Illuminate\\Pipeline\\Pipeline->Illuminate\\Pipeline\\{closure}(Object(Illuminate\\Http\\Request))
#36 /Applications/MAMP/htdocs/Laravel/SalProjects/vendor/laravel/framework/src/Illuminate/Pipeline/Pipeline.php(183): Illuminate\\Cookie\\Middleware\\AddQueuedCookiesToResponse->handle(Object(Illuminate\\Http\\Request), Object(Closure))
#37 /Applications/MAMP/htdocs/Laravel/SalProjects/vendor/laravel/framework/src/Illuminate/Cookie/Middleware/EncryptCookies.php(67): Illuminate\\Pipeline\\Pipeline->Illuminate\\Pipeline\\{closure}(Object(Illuminate\\Http\\Request))
#38 /Applications/MAMP/htdocs/Laravel/SalProjects/vendor/laravel/framework/src/Illuminate/Pipeline/Pipeline.php(183): Illuminate\\Cookie\\Middleware\\EncryptCookies->handle(Object(Illuminate\\Http\\Request), Object(Closure))
#39 /Applications/MAMP/htdocs/Laravel/SalProjects/vendor/laravel/framework/src/Illuminate/Pipeline/Pipeline.php(119): Illuminate\\Pipeline\\Pipeline->Illuminate\\Pipeline\\{closure}(Object(Illuminate\\Http\\Request))
#40 /Applications/MAMP/htdocs/Laravel/SalProjects/vendor/laravel/framework/src/Illuminate/Routing/Router.php(805): Illuminate\\Pipeline\\Pipeline->then(Object(Closure))
#41 /Applications/MAMP/htdocs/Laravel/SalProjects/vendor/laravel/framework/src/Illuminate/Routing/Router.php(784): Illuminate\\Routing\\Router->runRouteWithinStack(Object(Illuminate\\Routing\\Route), Object(Illuminate\\Http\\Request))
#42 /Applications/MAMP/htdocs/Laravel/SalProjects/vendor/laravel/framework/src/Illuminate/Routing/Router.php(748): Illuminate\\Routing\\Router->runRoute(Object(Illuminate\\Http\\Request), Object(Illuminate\\Routing\\Route))
#43 /Applications/MAMP/htdocs/Laravel/SalProjects/vendor/laravel/framework/src/Illuminate/Routing/Router.php(737): Illuminate\\Routing\\Router->dispatchToRoute(Object(Illuminate\\Http\\Request))
#44 /Applications/MAMP/htdocs/Laravel/SalProjects/vendor/laravel/framework/src/Illuminate/Foundation/Http/Kernel.php(200): Illuminate\\Routing\\Router->dispatch(Object(Illuminate\\Http\\Request))
#45 /Applications/MAMP/htdocs/Laravel/SalProjects/vendor/laravel/framework/src/Illuminate/Pipeline/Pipeline.php(144): Illuminate\\Foundation\\Http\\Kernel->Illuminate\\Foundation\\Http\\{closure}(Object(Illuminate\\Http\\Request))
#46 /Applications/MAMP/htdocs/Laravel/SalProjects/vendor/laravel/framework/src/Illuminate/Foundation/Http/Middleware/TransformsRequest.php(21): Illuminate\\Pipeline\\Pipeline->Illuminate\\Pipeline\\{closure}(Object(Illuminate\\Http\\Request))
#47 /Applications/MAMP/htdocs/Laravel/SalProjects/vendor/laravel/framework/src/Illuminate/Foundation/Http/Middleware/ConvertEmptyStringsToNull.php(31): Illuminate\\Foundation\\Http\\Middleware\\TransformsRequest->handle(Object(Illuminate\\Http\\Request), Object(Closure))
#48 /Applications/MAMP/htdocs/Laravel/SalProjects/vendor/laravel/framework/src/Illuminate/Pipeline/Pipeline.php(183): Illuminate\\Foundation\\Http\\Middleware\\ConvertEmptyStringsToNull->handle(Object(Illuminate\\Http\\Request), Object(Closure))
#49 /Applications/MAMP/htdocs/Laravel/SalProjects/vendor/laravel/framework/src/Illuminate/Foundation/Http/Middleware/TransformsRequest.php(21): Illuminate\\Pipeline\\Pipeline->Illuminate\\Pipeline\\{closure}(Object(Illuminate\\Http\\Request))
#50 /Applications/MAMP/htdocs/Laravel/SalProjects/vendor/laravel/framework/src/Illuminate/Foundation/Http/Middleware/TrimStrings.php(40): Illuminate\\Foundation\\Http\\Middleware\\TransformsRequest->handle(Object(Illuminate\\Http\\Request), Object(Closure))
#51 /Applications/MAMP/htdocs/Laravel/SalProjects/vendor/laravel/framework/src/Illuminate/Pipeline/Pipeline.php(183): Illuminate\\Foundation\\Http\\Middleware\\TrimStrings->handle(Object(Illuminate\\Http\\Request), Object(Closure))
#52 /Applications/MAMP/htdocs/Laravel/SalProjects/vendor/laravel/framework/src/Illuminate/Foundation/Http/Middleware/ValidatePostSize.php(27): Illuminate\\Pipeline\\Pipeline->Illuminate\\Pipeline\\{closure}(Object(Illuminate\\Http\\Request))
#53 /Applications/MAMP/htdocs/Laravel/SalProjects/vendor/laravel/framework/src/Illuminate/Pipeline/Pipeline.php(183): Illuminate\\Foundation\\Http\\Middleware\\ValidatePostSize->handle(Object(Illuminate\\Http\\Request), Object(Closure))
#54 /Applications/MAMP/htdocs/Laravel/SalProjects/vendor/laravel/framework/src/Illuminate/Foundation/Http/Middleware/PreventRequestsDuringMaintenance.php(99): Illuminate\\Pipeline\\Pipeline->Illuminate\\Pipeline\\{closure}(Object(Illuminate\\Http\\Request))
#55 /Applications/MAMP/htdocs/Laravel/SalProjects/vendor/laravel/framework/src/Illuminate/Pipeline/Pipeline.php(183): Illuminate\\Foundation\\Http\\Middleware\\PreventRequestsDuringMaintenance->handle(Object(Illuminate\\Http\\Request), Object(Closure))
#56 /Applications/MAMP/htdocs/Laravel/SalProjects/vendor/laravel/framework/src/Illuminate/Http/Middleware/HandleCors.php(49): Illuminate\\Pipeline\\Pipeline->Illuminate\\Pipeline\\{closure}(Object(Illuminate\\Http\\Request))
#57 /Applications/MAMP/htdocs/Laravel/SalProjects/vendor/laravel/framework/src/Illuminate/Pipeline/Pipeline.php(183): Illuminate\\Http\\Middleware\\HandleCors->handle(Object(Illuminate\\Http\\Request), Object(Closure))
#58 /Applications/MAMP/htdocs/Laravel/SalProjects/vendor/laravel/framework/src/Illuminate/Http/Middleware/TrustProxies.php(39): Illuminate\\Pipeline\\Pipeline->Illuminate\\Pipeline\\{closure}(Object(Illuminate\\Http\\Request))
#59 /Applications/MAMP/htdocs/Laravel/SalProjects/vendor/laravel/framework/src/Illuminate/Pipeline/Pipeline.php(183): Illuminate\\Http\\Middleware\\TrustProxies->handle(Object(Illuminate\\Http\\Request), Object(Closure))
#60 /Applications/MAMP/htdocs/Laravel/SalProjects/vendor/laravel/framework/src/Illuminate/Pipeline/Pipeline.php(119): Illuminate\\Pipeline\\Pipeline->Illuminate\\Pipeline\\{closure}(Object(Illuminate\\Http\\Request))
#61 /Applications/MAMP/htdocs/Laravel/SalProjects/vendor/laravel/framework/src/Illuminate/Foundation/Http/Kernel.php(175): Illuminate\\Pipeline\\Pipeline->then(Object(Closure))
#62 /Applications/MAMP/htdocs/Laravel/SalProjects/vendor/laravel/framework/src/Illuminate/Foundation/Http/Kernel.php(144): Illuminate\\Foundation\\Http\\Kernel->sendRequestThroughRouter(Object(Illuminate\\Http\\Request))
#63 /Applications/MAMP/htdocs/Laravel/SalProjects/public/index.php(51): Illuminate\\Foundation\\Http\\Kernel->handle(Object(Illuminate\\Http\\Request))
#64 /Applications/MAMP/htdocs/Laravel/SalProjects/vendor/laravel/framework/src/Illuminate/Foundation/resources/server.php(16): require_once('/Applications/M...')
#65 {main}

[previous exception] [object] (PDOException(code: HY000): SQLSTATE[HY000]: General error: 1366 Incorrect integer value: 'submitted' for column 'status' at row 1 at /Applications/MAMP/htdocs/Laravel/SalProjects/vendor/laravel/framework/src/Illuminate/Database/Connection.php:587)
[stacktrace]
#0 /Applications/MAMP/htdocs/Laravel/SalProjects/vendor/laravel/framework/src/Illuminate/Database/Connection.php(587): PDOStatement->execute()
#1 /Applications/MAMP/htdocs/Laravel/SalProjects/vendor/laravel/framework/src/Illuminate/Database/Connection.php(816): Illuminate\\Database\\Connection->Illuminate\\Database\\{closure}('insert into `DP...', Array)
#2 /Applications/MAMP/htdocs/Laravel/SalProjects/vendor/laravel/framework/src/Illuminate/Database/Connection.php(783): Illuminate\\Database\\Connection->runQueryCallback('insert into `DP...', Array, Object(Closure))
#3 /Applications/MAMP/htdocs/Laravel/SalProjects/vendor/laravel/framework/src/Illuminate/Database/Connection.php(576): Illuminate\\Database\\Connection->run('insert into `DP...', Array, Object(Closure))
#4 /Applications/MAMP/htdocs/Laravel/SalProjects/vendor/laravel/framework/src/Illuminate/Database/Connection.php(540): Illuminate\\Database\\Connection->statement('insert into `DP...', Array)
#5 /Applications/MAMP/htdocs/Laravel/SalProjects/vendor/laravel/framework/src/Illuminate/Database/Query/Builder.php(3456): Illuminate\\Database\\Connection->insert('insert into `DP...', Array)
#6 /Applications/MAMP/htdocs/Laravel/SalProjects/vendor/laravel/framework/src/Illuminate/Database/Eloquent/Builder.php(1982): Illuminate\\Database\\Query\\Builder->insert(Array)
#7 /Applications/MAMP/htdocs/Laravel/SalProjects/vendor/laravel/framework/src/Illuminate/Database/Eloquent/Model.php(1309): Illuminate\\Database\\Eloquent\\Builder->__call('insert', Array)
#8 /Applications/MAMP/htdocs/Laravel/SalProjects/vendor/laravel/framework/src/Illuminate/Database/Eloquent/Model.php(1137): Illuminate\\Database\\Eloquent\\Model->performInsert(Object(Illuminate\\Database\\Eloquent\\Builder))
#9 /Applications/MAMP/htdocs/Laravel/SalProjects/vendor/laravel/framework/src/Illuminate/Database/Eloquent/Builder.php(1025): Illuminate\\Database\\Eloquent\\Model->save()
#10 /Applications/MAMP/htdocs/Laravel/SalProjects/vendor/laravel/framework/src/Illuminate/Support/helpers.php(307): Illuminate\\Database\\Eloquent\\Builder->Illuminate\\Database\\Eloquent\\{closure}(Object(App\\Models\\Reports\\Monthly\\DPReport))
#11 /Applications/MAMP/htdocs/Laravel/SalProjects/vendor/laravel/framework/src/Illuminate/Database/Eloquent/Builder.php(1024): tap(Object(App\\Models\\Reports\\Monthly\\DPReport), Object(Closure))
#12 /Applications/MAMP/htdocs/Laravel/SalProjects/vendor/laravel/framework/src/Illuminate/Support/Traits/ForwardsCalls.php(23): Illuminate\\Database\\Eloquent\\Builder->create(Array)
#13 /Applications/MAMP/htdocs/Laravel/SalProjects/vendor/laravel/framework/src/Illuminate/Database/Eloquent/Model.php(2334): Illuminate\\Database\\Eloquent\\Model->forwardCallTo(Object(Illuminate\\Database\\Eloquent\\Builder), 'create', Array)
#14 /Applications/MAMP/htdocs/Laravel/SalProjects/vendor/laravel/framework/src/Illuminate/Database/Eloquent/Model.php(2346): Illuminate\\Database\\Eloquent\\Model->__call('create', Array)
#15 /Applications/MAMP/htdocs/Laravel/SalProjects/app/Http/Controllers/Reports/Monthly/ReportController.php(80): Illuminate\\Database\\Eloquent\\Model::__callStatic('create', Array)
#16 /Applications/MAMP/htdocs/Laravel/SalProjects/vendor/laravel/framework/src/Illuminate/Routing/Controller.php(54): App\\Http\\Controllers\\Reports\\Monthly\\ReportController->store(Object(Illuminate\\Http\\Request))
#17 /Applications/MAMP/htdocs/Laravel/SalProjects/vendor/laravel/framework/src/Illuminate/Routing/ControllerDispatcher.php(43): Illuminate\\Routing\\Controller->callAction('store', Array)
#18 /Applications/MAMP/htdocs/Laravel/SalProjects/vendor/laravel/framework/src/Illuminate/Routing/Route.php(259): Illuminate\\Routing\\ControllerDispatcher->dispatch(Object(Illuminate\\Routing\\Route), Object(App\\Http\\Controllers\\Reports\\Monthly\\ReportController), 'store')
#19 /Applications/MAMP/htdocs/Laravel/SalProjects/vendor/laravel/framework/src/Illuminate/Routing/Route.php(205): Illuminate\\Routing\\Route->runController()
#20 /Applications/MAMP/htdocs/Laravel/SalProjects/vendor/laravel/framework/src/Illuminate/Routing/Router.php(806): Illuminate\\Routing\\Route->run()
#21 /Applications/MAMP/htdocs/Laravel/SalProjects/vendor/laravel/framework/src/Illuminate/Pipeline/Pipeline.php(144): Illuminate\\Routing\\Router->Illuminate\\Routing\\{closure}(Object(Illuminate\\Http\\Request))
#22 /Applications/MAMP/htdocs/Laravel/SalProjects/app/Http/Middleware/Role.php(22): Illuminate\\Pipeline\\Pipeline->Illuminate\\Pipeline\\{closure}(Object(Illuminate\\Http\\Request))
#23 /Applications/MAMP/htdocs/Laravel/SalProjects/vendor/laravel/framework/src/Illuminate/Pipeline/Pipeline.php(183): App\\Http\\Middleware\\Role->handle(Object(Illuminate\\Http\\Request), Object(Closure), 'executor')
#24 /Applications/MAMP/htdocs/Laravel/SalProjects/app/Http/Middleware/ShareProfileData.php(26): Illuminate\\Pipeline\\Pipeline->Illuminate\\Pipeline\\{closure}(Object(Illuminate\\Http\\Request))
#25 /Applications/MAMP/htdocs/Laravel/SalProjects/vendor/laravel/framework/src/Illuminate/Pipeline/Pipeline.php(183): App\\Http\\Middleware\\ShareProfileData->handle(Object(Illuminate\\Http\\Request), Object(Closure))
#26 /Applications/MAMP/htdocs/Laravel/SalProjects/vendor/laravel/framework/src/Illuminate/Routing/Middleware/SubstituteBindings.php(50): Illuminate\\Pipeline\\Pipeline->Illuminate\\Pipeline\\{closure}(Object(Illuminate\\Http\\Request))
#27 /Applications/MAMP/htdocs/Laravel/SalProjects/vendor/laravel/framework/src/Illuminate/Pipeline/Pipeline.php(183): Illuminate\\Routing\\Middleware\\SubstituteBindings->handle(Object(Illuminate\\Http\\Request), Object(Closure))
#28 /Applications/MAMP/htdocs/Laravel/SalProjects/vendor/laravel/framework/src/Illuminate/Auth/Middleware/Authenticate.php(57): Illuminate\\Pipeline\\Pipeline->Illuminate\\Pipeline\\{closure}(Object(Illuminate\\Http\\Request))
#29 /Applications/MAMP/htdocs/Laravel/SalProjects/vendor/laravel/framework/src/Illuminate/Pipeline/Pipeline.php(183): Illuminate\\Auth\\Middleware\\Authenticate->handle(Object(Illuminate\\Http\\Request), Object(Closure))
#30 /Applications/MAMP/htdocs/Laravel/SalProjects/vendor/laravel/framework/src/Illuminate/Foundation/Http/Middleware/VerifyCsrfToken.php(78): Illuminate\\Pipeline\\Pipeline->Illuminate\\Pipeline\\{closure}(Object(Illuminate\\Http\\Request))
#31 /Applications/MAMP/htdocs/Laravel/SalProjects/vendor/laravel/framework/src/Illuminate/Pipeline/Pipeline.php(183): Illuminate\\Foundation\\Http\\Middleware\\VerifyCsrfToken->handle(Object(Illuminate\\Http\\Request), Object(Closure))
#32 /Applications/MAMP/htdocs/Laravel/SalProjects/vendor/laravel/framework/src/Illuminate/View/Middleware/ShareErrorsFromSession.php(49): Illuminate\\Pipeline\\Pipeline->Illuminate\\Pipeline\\{closure}(Object(Illuminate\\Http\\Request))
#33 /Applications/MAMP/htdocs/Laravel/SalProjects/vendor/laravel/framework/src/Illuminate/Pipeline/Pipeline.php(183): Illuminate\\View\\Middleware\\ShareErrorsFromSession->handle(Object(Illuminate\\Http\\Request), Object(Closure))
#34 /Applications/MAMP/htdocs/Laravel/SalProjects/vendor/laravel/framework/src/Illuminate/Session/Middleware/StartSession.php(121): Illuminate\\Pipeline\\Pipeline->Illuminate\\Pipeline\\{closure}(Object(Illuminate\\Http\\Request))
#35 /Applications/MAMP/htdocs/Laravel/SalProjects/vendor/laravel/framework/src/Illuminate/Session/Middleware/StartSession.php(64): Illuminate\\Session\\Middleware\\StartSession->handleStatefulRequest(Object(Illuminate\\Http\\Request), Object(Illuminate\\Session\\Store), Object(Closure))
#36 /Applications/MAMP/htdocs/Laravel/SalProjects/vendor/laravel/framework/src/Illuminate/Pipeline/Pipeline.php(183): Illuminate\\Session\\Middleware\\StartSession->handle(Object(Illuminate\\Http\\Request), Object(Closure))
#37 /Applications/MAMP/htdocs/Laravel/SalProjects/vendor/laravel/framework/src/Illuminate/Cookie/Middleware/AddQueuedCookiesToResponse.php(37): Illuminate\\Pipeline\\Pipeline->Illuminate\\Pipeline\\{closure}(Object(Illuminate\\Http\\Request))
#38 /Applications/MAMP/htdocs/Laravel/SalProjects/vendor/laravel/framework/src/Illuminate/Pipeline/Pipeline.php(183): Illuminate\\Cookie\\Middleware\\AddQueuedCookiesToResponse->handle(Object(Illuminate\\Http\\Request), Object(Closure))
#39 /Applications/MAMP/htdocs/Laravel/SalProjects/vendor/laravel/framework/src/Illuminate/Cookie/Middleware/EncryptCookies.php(67): Illuminate\\Pipeline\\Pipeline->Illuminate\\Pipeline\\{closure}(Object(Illuminate\\Http\\Request))
#40 /Applications/MAMP/htdocs/Laravel/SalProjects/vendor/laravel/framework/src/Illuminate/Pipeline/Pipeline.php(183): Illuminate\\Cookie\\Middleware\\EncryptCookies->handle(Object(Illuminate\\Http\\Request), Object(Closure))
#41 /Applications/MAMP/htdocs/Laravel/SalProjects/vendor/laravel/framework/src/Illuminate/Pipeline/Pipeline.php(119): Illuminate\\Pipeline\\Pipeline->Illuminate\\Pipeline\\{closure}(Object(Illuminate\\Http\\Request))
#42 /Applications/MAMP/htdocs/Laravel/SalProjects/vendor/laravel/framework/src/Illuminate/Routing/Router.php(805): Illuminate\\Pipeline\\Pipeline->then(Object(Closure))
#43 /Applications/MAMP/htdocs/Laravel/SalProjects/vendor/laravel/framework/src/Illuminate/Routing/Router.php(784): Illuminate\\Routing\\Router->runRouteWithinStack(Object(Illuminate\\Routing\\Route), Object(Illuminate\\Http\\Request))
#44 /Applications/MAMP/htdocs/Laravel/SalProjects/vendor/laravel/framework/src/Illuminate/Routing/Router.php(748): Illuminate\\Routing\\Router->runRoute(Object(Illuminate\\Http\\Request), Object(Illuminate\\Routing\\Route))
#45 /Applications/MAMP/htdocs/Laravel/SalProjects/vendor/laravel/framework/src/Illuminate/Routing/Router.php(737): Illuminate\\Routing\\Router->dispatchToRoute(Object(Illuminate\\Http\\Request))
#46 /Applications/MAMP/htdocs/Laravel/SalProjects/vendor/laravel/framework/src/Illuminate/Foundation/Http/Kernel.php(200): Illuminate\\Routing\\Router->dispatch(Object(Illuminate\\Http\\Request))
#47 /Applications/MAMP/htdocs/Laravel/SalProjects/vendor/laravel/framework/src/Illuminate/Pipeline/Pipeline.php(144): Illuminate\\Foundation\\Http\\Kernel->Illuminate\\Foundation\\Http\\{closure}(Object(Illuminate\\Http\\Request))
#48 /Applications/MAMP/htdocs/Laravel/SalProjects/vendor/laravel/framework/src/Illuminate/Foundation/Http/Middleware/TransformsRequest.php(21): Illuminate\\Pipeline\\Pipeline->Illuminate\\Pipeline\\{closure}(Object(Illuminate\\Http\\Request))
#49 /Applications/MAMP/htdocs/Laravel/SalProjects/vendor/laravel/framework/src/Illuminate/Foundation/Http/Middleware/ConvertEmptyStringsToNull.php(31): Illuminate\\Foundation\\Http\\Middleware\\TransformsRequest->handle(Object(Illuminate\\Http\\Request), Object(Closure))
#50 /Applications/MAMP/htdocs/Laravel/SalProjects/vendor/laravel/framework/src/Illuminate/Pipeline/Pipeline.php(183): Illuminate\\Foundation\\Http\\Middleware\\ConvertEmptyStringsToNull->handle(Object(Illuminate\\Http\\Request), Object(Closure))
#51 /Applications/MAMP/htdocs/Laravel/SalProjects/vendor/laravel/framework/src/Illuminate/Foundation/Http/Middleware/TransformsRequest.php(21): Illuminate\\Pipeline\\Pipeline->Illuminate\\Pipeline\\{closure}(Object(Illuminate\\Http\\Request))
#52 /Applications/MAMP/htdocs/Laravel/SalProjects/vendor/laravel/framework/src/Illuminate/Foundation/Http/Middleware/TrimStrings.php(40): Illuminate\\Foundation\\Http\\Middleware\\TransformsRequest->handle(Object(Illuminate\\Http\\Request), Object(Closure))
#53 /Applications/MAMP/htdocs/Laravel/SalProjects/vendor/laravel/framework/src/Illuminate/Pipeline/Pipeline.php(183): Illuminate\\Foundation\\Http\\Middleware\\TrimStrings->handle(Object(Illuminate\\Http\\Request), Object(Closure))
#54 /Applications/MAMP/htdocs/Laravel/SalProjects/vendor/laravel/framework/src/Illuminate/Foundation/Http/Middleware/ValidatePostSize.php(27): Illuminate\\Pipeline\\Pipeline->Illuminate\\Pipeline\\{closure}(Object(Illuminate\\Http\\Request))
#55 /Applications/MAMP/htdocs/Laravel/SalProjects/vendor/laravel/framework/src/Illuminate/Pipeline/Pipeline.php(183): Illuminate\\Foundation\\Http\\Middleware\\ValidatePostSize->handle(Object(Illuminate\\Http\\Request), Object(Closure))
#56 /Applications/MAMP/htdocs/Laravel/SalProjects/vendor/laravel/framework/src/Illuminate/Foundation/Http/Middleware/PreventRequestsDuringMaintenance.php(99): Illuminate\\Pipeline\\Pipeline->Illuminate\\Pipeline\\{closure}(Object(Illuminate\\Http\\Request))
#57 /Applications/MAMP/htdocs/Laravel/SalProjects/vendor/laravel/framework/src/Illuminate/Pipeline/Pipeline.php(183): Illuminate\\Foundation\\Http\\Middleware\\PreventRequestsDuringMaintenance->handle(Object(Illuminate\\Http\\Request), Object(Closure))
#58 /Applications/MAMP/htdocs/Laravel/SalProjects/vendor/laravel/framework/src/Illuminate/Http/Middleware/HandleCors.php(49): Illuminate\\Pipeline\\Pipeline->Illuminate\\Pipeline\\{closure}(Object(Illuminate\\Http\\Request))
#59 /Applications/MAMP/htdocs/Laravel/SalProjects/vendor/laravel/framework/src/Illuminate/Pipeline/Pipeline.php(183): Illuminate\\Http\\Middleware\\HandleCors->handle(Object(Illuminate\\Http\\Request), Object(Closure))
#60 /Applications/MAMP/htdocs/Laravel/SalProjects/vendor/laravel/framework/src/Illuminate/Http/Middleware/TrustProxies.php(39): Illuminate\\Pipeline\\Pipeline->Illuminate\\Pipeline\\{closure}(Object(Illuminate\\Http\\Request))
#61 /Applications/MAMP/htdocs/Laravel/SalProjects/vendor/laravel/framework/src/Illuminate/Pipeline/Pipeline.php(183): Illuminate\\Http\\Middleware\\TrustProxies->handle(Object(Illuminate\\Http\\Request), Object(Closure))
#62 /Applications/MAMP/htdocs/Laravel/SalProjects/vendor/laravel/framework/src/Illuminate/Pipeline/Pipeline.php(119): Illuminate\\Pipeline\\Pipeline->Illuminate\\Pipeline\\{closure}(Object(Illuminate\\Http\\Request))
#63 /Applications/MAMP/htdocs/Laravel/SalProjects/vendor/laravel/framework/src/Illuminate/Foundation/Http/Kernel.php(175): Illuminate\\Pipeline\\Pipeline->then(Object(Closure))
#64 /Applications/MAMP/htdocs/Laravel/SalProjects/vendor/laravel/framework/src/Illuminate/Foundation/Http/Kernel.php(144): Illuminate\\Foundation\\Http\\Kernel->sendRequestThroughRouter(Object(Illuminate\\Http\\Request))
#65 /Applications/MAMP/htdocs/Laravel/SalProjects/public/index.php(51): Illuminate\\Foundation\\Http\\Kernel->handle(Object(Illuminate\\Http\\Request))
#66 /Applications/MAMP/htdocs/Laravel/SalProjects/vendor/laravel/framework/src/Illuminate/Foundation/resources/server.php(16): require_once('/Applications/M...')
#67 {main}
"}
[2024-07-29 11:39:01] local.INFO: Entering create method {"project_id":"DP-0002"}
[2024-07-29 11:39:01] local.INFO: Project retrieved successfully {"project":{"App\\Models\\OldProjects\\Project":{"id":38,"project_id":"DP-0002","user_id":3,"project_type":"Development Projects","project_title":"DP-0002 706","society_name":"SARVAJANA SNEHA CHARITABLE TRUST","president_name":"Provincial 1","in_charge":21,"in_charge_name":"Hans Reichert","in_charge_mobile":"(559) 812-5104","in_charge_email":"leonardo20@example.net","executor_name":"Executor","executor_mobile":"101010","executor_email":"bounce@footprint.org.in","full_address":"executor address","overall_project_period":"2","current_phase":"2","commencement_month_year":"2023-2-01","overall_project_budget":"74150.00","amount_forwarded":"999.00","amount_sanctioned":"74150.00","opening_balance":null,"coordinator_india_name":"Coordinator India","coordinator_india_phone":"987654","coordinator_india_email":"hello@footprint.org.in","coordinator_luzern_name":"Coordinator Swiss","coordinator_luzern_phone":"+1-314-903-1561","coordinator_luzern_email":"wintheiser.marge@example.net","goal":"DP-0002","status":null,"created_at":"2024-07-24T08:31:50.000000Z","updated_at":"2024-07-24T08:31:50.000000Z"}}}
[2024-07-29 11:39:01] local.INFO: Retrieved highest phase for the project {"highestPhase":2}
[2024-07-29 11:39:01] local.INFO: Budgets retrieved for the highest phase {"budgets":{"Illuminate\\Database\\Eloquent\\Collection":[{"id":89,"project_id":"DP-0002","phase":2,"particular":"DP-0002 b1","rate_quantity":"550.00","rate_multiplier":"6.00","rate_duration":"6.00","rate_increase":"0.00","this_phase":"19800.00","next_phase":"0.00","created_at":"2024-07-24T08:31:50.000000Z","updated_at":"2024-07-24T08:31:50.000000Z"},{"id":90,"project_id":"DP-0002","phase":2,"particular":"DP-0002 b2","rate_quantity":"650.00","rate_multiplier":"7.00","rate_duration":"7.00","rate_increase":"0.00","this_phase":"31850.00","next_phase":"0.00","created_at":"2024-07-24T08:31:50.000000Z","updated_at":"2024-07-24T08:31:50.000000Z"}]}}
[2024-07-29 11:39:01] local.INFO: Sanctioned and forwarded amounts {"amountSanctioned":"74150.00","amountForwarded":"999.00"}
[2024-07-29 11:39:01] local.INFO: Last expenses retrieved {"lastExpenses":{"Illuminate\\Support\\Collection":{"DP-0002 b1":"505.00","DP-0002 b2":"507.00"}}}
.............
[2024-07-29 11:46:33] local.INFO: Entering create method {"project_id":"DP-0002"}
[2024-07-29 11:46:33] local.INFO: Project retrieved successfully {"project":{"App\\Models\\OldProjects\\Project":{"id":38,"project_id":"DP-0002","user_id":3,"project_type":"Development Projects","project_title":"DP-0002 706","society_name":"SARVAJANA SNEHA CHARITABLE TRUST","president_name":"Provincial 1","in_charge":21,"in_charge_name":"Hans Reichert","in_charge_mobile":"(559) 812-5104","in_charge_email":"leonardo20@example.net","executor_name":"Executor","executor_mobile":"101010","executor_email":"bounce@footprint.org.in","full_address":"executor address","overall_project_period":"2","current_phase":"2","commencement_month_year":"2023-2-01","overall_project_budget":"74150.00","amount_forwarded":"999.00","amount_sanctioned":"74150.00","opening_balance":null,"coordinator_india_name":"Coordinator India","coordinator_india_phone":"987654","coordinator_india_email":"hello@footprint.org.in","coordinator_luzern_name":"Coordinator Swiss","coordinator_luzern_phone":"+1-314-903-1561","coordinator_luzern_email":"wintheiser.marge@example.net","goal":"DP-0002","status":null,"created_at":"2024-07-24T08:31:50.000000Z","updated_at":"2024-07-24T08:31:50.000000Z"}}}
[2024-07-29 11:46:33] local.INFO: Retrieved highest phase for the project {"highestPhase":2}
[2024-07-29 11:46:33] local.INFO: Budgets retrieved for the highest phase {"budgets":{"Illuminate\\Database\\Eloquent\\Collection":[{"id":89,"project_id":"DP-0002","phase":2,"particular":"DP-0002 b1","rate_quantity":"550.00","rate_multiplier":"6.00","rate_duration":"6.00","rate_increase":"0.00","this_phase":"19800.00","next_phase":"0.00","created_at":"2024-07-24T08:31:50.000000Z","updated_at":"2024-07-24T08:31:50.000000Z"},{"id":90,"project_id":"DP-0002","phase":2,"particular":"DP-0002 b2","rate_quantity":"650.00","rate_multiplier":"7.00","rate_duration":"7.00","rate_increase":"0.00","this_phase":"31850.00","next_phase":"0.00","created_at":"2024-07-24T08:31:50.000000Z","updated_at":"2024-07-24T08:31:50.000000Z"}]}}
[2024-07-29 11:46:33] local.INFO: Sanctioned and forwarded amounts {"amountSanctioned":"74150.00","amountForwarded":"999.00"}
[2024-07-29 11:46:33] local.INFO: Last expenses retrieved {"lastExpenses":{"Illuminate\\Support\\Collection":{"DP-0002 b1":"505.00","DP-0002 b2":"507.00"}}}
/
///////
[2024-07-29 11:47:36] local.INFO: Entering store method {"request":{"_token":"5rKCPGuy5DzEg4iXf5UHNZ6kjdqOYGOFbPjk9F9N","project_id":"DP-0002","project_type":"Development Projects","project_id_display":"DP-0002","project_title":"DP-0002 706","place":"AjitSing Nagar","society_name":"SARVAJANA SNEHA CHARITABLE TRUST","commencement_month_year":"2023-2-01","in_charge":"Executor","total_beneficiaries":"77","report_month":"3","report_year":"2024","goal":"DP-0002","objective":{"1":"test"},"expected_outcome":{"1":"test"},"month":{"1":{"1":"March"}},"summary_activities":{"1":{"1":{"1":"test"}}},"qualitative_quantitative_data":{"1":{"1":{"1":"test"}}},"intermediate_outcomes":{"1":{"1":{"1":"test"}}},"not_happened":{"1":"test"},"why_not_happened":{"1":"test"},"changes":{"1":"no"},"why_changes":{"1":null},"lessons_learnt":{"1":"test"},"todo_lessons_learnt":{"1":"test"},"date":{"1":"2024-07-04"},"plan_next_month":{"1":"test"},"account_period_start":"2024-07-12","account_period_end":"2024-07-17","amount_sanctioned_overview":"74150.00","amount_forwarded_overview":"999.00","amount_in_hand":"75149","particulars":["DP-0002 b1","DP-0002 b2"],"amount_forwarded":["0","0"],"amount_sanctioned":["19800.00","31850.00"],"total_amount":["19800.00","31850.00"],"expenses_last_month":["505.00","507.00"],"expenses_this_month":["777","43434"],"total_expenses":["1282.00","43941.00"],"balance_amount":["18518.00","-12091.00"],"total_balance_forwarded":"6427.00","photo_descriptions":[null],"photos":[{"Illuminate\\Http\\UploadedFile":"/private/var/folders/rp/8chky69n0c35gj7lpvhsw_440000gn/T/phpOlSTKb"}]}}
[2024-07-29 11:47:36] local.INFO: Starting transaction for storing report
[2024-07-29 11:47:36] local.ERROR: Error storing report {"exception":"[object] (Illuminate\\Database\\QueryException(code: 22007): SQLSTATE[22007]: Invalid datetime format: 1292 Incorrect date value: '3-2024' for column 'report_month_year' at row 1 (Connection: mysql, SQL: insert into `DP_Reports` (`report_id`, `user_id`, `project_id`, `project_title`, `project_type`, `place`, `society_name`, `commencement_month_year`, `in_charge`, `total_beneficiaries`, `report_month_year`, `goal`, `account_period_start`, `account_period_end`, `amount_sanctioned_overview`, `amount_forwarded_overview`, `amount_in_hand`, `total_balance_forwarded`, `status`, `updated_at`, `created_at`) values (c8aac155-e3a4-4fa9-b35f-ad9d49517a39, 3, DP-0002, DP-0002 706, Development Projects, AjitSing Nagar, SARVAJANA SNEHA CHARITABLE TRUST, 2023-2-01, Executor, 77, 3-2024, DP-0002, 2024-07-12, 2024-07-17, 74150.00, 999.00, 75149, 6427.00, underwriting, 2024-07-29 11:47:36, 2024-07-29 11:47:36)) at /Applications/MAMP/htdocs/Laravel/SalProjects/vendor/laravel/framework/src/Illuminate/Database/Connection.php:829)
[stacktrace]
#0 /Applications/MAMP/htdocs/Laravel/SalProjects/vendor/laravel/framework/src/Illuminate/Database/Connection.php(783): Illuminate\\Database\\Connection->runQueryCallback('insert into `DP...', Array, Object(Closure))
#1 /Applications/MAMP/htdocs/Laravel/SalProjects/vendor/laravel/framework/src/Illuminate/Database/Connection.php(576): Illuminate\\Database\\Connection->run('insert into `DP...', Array, Object(Closure))
#2 /Applications/MAMP/htdocs/Laravel/SalProjects/vendor/laravel/framework/src/Illuminate/Database/Connection.php(540): Illuminate\\Database\\Connection->statement('insert into `DP...', Array)
#3 /Applications/MAMP/htdocs/Laravel/SalProjects/vendor/laravel/framework/src/Illuminate/Database/Query/Builder.php(3456): Illuminate\\Database\\Connection->insert('insert into `DP...', Array)
#4 /Applications/MAMP/htdocs/Laravel/SalProjects/vendor/laravel/framework/src/Illuminate/Database/Eloquent/Builder.php(1982): Illuminate\\Database\\Query\\Builder->insert(Array)
#5 /Applications/MAMP/htdocs/Laravel/SalProjects/vendor/laravel/framework/src/Illuminate/Database/Eloquent/Model.php(1309): Illuminate\\Database\\Eloquent\\Builder->__call('insert', Array)
#6 /Applications/MAMP/htdocs/Laravel/SalProjects/vendor/laravel/framework/src/Illuminate/Database/Eloquent/Model.php(1137): Illuminate\\Database\\Eloquent\\Model->performInsert(Object(Illuminate\\Database\\Eloquent\\Builder))
#7 /Applications/MAMP/htdocs/Laravel/SalProjects/vendor/laravel/framework/src/Illuminate/Database/Eloquent/Builder.php(1025): Illuminate\\Database\\Eloquent\\Model->save()
#8 /Applications/MAMP/htdocs/Laravel/SalProjects/vendor/laravel/framework/src/Illuminate/Support/helpers.php(307): Illuminate\\Database\\Eloquent\\Builder->Illuminate\\Database\\Eloquent\\{closure}(Object(App\\Models\\Reports\\Monthly\\DPReport))
#9 /Applications/MAMP/htdocs/Laravel/SalProjects/vendor/laravel/framework/src/Illuminate/Database/Eloquent/Builder.php(1024): tap(Object(App\\Models\\Reports\\Monthly\\DPReport), Object(Closure))
#10 /Applications/MAMP/htdocs/Laravel/SalProjects/vendor/laravel/framework/src/Illuminate/Support/Traits/ForwardsCalls.php(23): Illuminate\\Database\\Eloquent\\Builder->create(Array)
#11 /Applications/MAMP/htdocs/Laravel/SalProjects/vendor/laravel/framework/src/Illuminate/Database/Eloquent/Model.php(2334): Illuminate\\Database\\Eloquent\\Model->forwardCallTo(Object(Illuminate\\Database\\Eloquent\\Builder), 'create', Array)
#12 /Applications/MAMP/htdocs/Laravel/SalProjects/vendor/laravel/framework/src/Illuminate/Database/Eloquent/Model.php(2346): Illuminate\\Database\\Eloquent\\Model->__call('create', Array)
#13 /Applications/MAMP/htdocs/Laravel/SalProjects/app/Http/Controllers/Reports/Monthly/ReportController.php(80): Illuminate\\Database\\Eloquent\\Model::__callStatic('create', Array)
#14 /Applications/MAMP/htdocs/Laravel/SalProjects/vendor/laravel/framework/src/Illuminate/Routing/Controller.php(54): App\\Http\\Controllers\\Reports\\Monthly\\ReportController->store(Object(Illuminate\\Http\\Request))
#15 /Applications/MAMP/htdocs/Laravel/SalProjects/vendor/laravel/framework/src/Illuminate/Routing/ControllerDispatcher.php(43): Illuminate\\Routing\\Controller->callAction('store', Array)
#16 /Applications/MAMP/htdocs/Laravel/SalProjects/vendor/laravel/framework/src/Illuminate/Routing/Route.php(259): Illuminate\\Routing\\ControllerDispatcher->dispatch(Object(Illuminate\\Routing\\Route), Object(App\\Http\\Controllers\\Reports\\Monthly\\ReportController), 'store')
#17 /Applications/MAMP/htdocs/Laravel/SalProjects/vendor/laravel/framework/src/Illuminate/Routing/Route.php(205): Illuminate\\Routing\\Route->runController()
#18 /Applications/MAMP/htdocs/Laravel/SalProjects/vendor/laravel/framework/src/Illuminate/Routing/Router.php(806): Illuminate\\Routing\\Route->run()
#19 /Applications/MAMP/htdocs/Laravel/SalProjects/vendor/laravel/framework/src/Illuminate/Pipeline/Pipeline.php(144): Illuminate\\Routing\\Router->Illuminate\\Routing\\{closure}(Object(Illuminate\\Http\\Request))
#20 /Applications/MAMP/htdocs/Laravel/SalProjects/app/Http/Middleware/Role.php(22): Illuminate\\Pipeline\\Pipeline->Illuminate\\Pipeline\\{closure}(Object(Illuminate\\Http\\Request))
#21 /Applications/MAMP/htdocs/Laravel/SalProjects/vendor/laravel/framework/src/Illuminate/Pipeline/Pipeline.php(183): App\\Http\\Middleware\\Role->handle(Object(Illuminate\\Http\\Request), Object(Closure), 'executor')
#22 /Applications/MAMP/htdocs/Laravel/SalProjects/app/Http/Middleware/ShareProfileData.php(26): Illuminate\\Pipeline\\Pipeline->Illuminate\\Pipeline\\{closure}(Object(Illuminate\\Http\\Request))
#23 /Applications/MAMP/htdocs/Laravel/SalProjects/vendor/laravel/framework/src/Illuminate/Pipeline/Pipeline.php(183): App\\Http\\Middleware\\ShareProfileData->handle(Object(Illuminate\\Http\\Request), Object(Closure))
#24 /Applications/MAMP/htdocs/Laravel/SalProjects/vendor/laravel/framework/src/Illuminate/Routing/Middleware/SubstituteBindings.php(50): Illuminate\\Pipeline\\Pipeline->Illuminate\\Pipeline\\{closure}(Object(Illuminate\\Http\\Request))
#25 /Applications/MAMP/htdocs/Laravel/SalProjects/vendor/laravel/framework/src/Illuminate/Pipeline/Pipeline.php(183): Illuminate\\Routing\\Middleware\\SubstituteBindings->handle(Object(Illuminate\\Http\\Request), Object(Closure))
#26 /Applications/MAMP/htdocs/Laravel/SalProjects/vendor/laravel/framework/src/Illuminate/Auth/Middleware/Authenticate.php(57): Illuminate\\Pipeline\\Pipeline->Illuminate\\Pipeline\\{closure}(Object(Illuminate\\Http\\Request))
#27 /Applications/MAMP/htdocs/Laravel/SalProjects/vendor/laravel/framework/src/Illuminate/Pipeline/Pipeline.php(183): Illuminate\\Auth\\Middleware\\Authenticate->handle(Object(Illuminate\\Http\\Request), Object(Closure))
#28 /Applications/MAMP/htdocs/Laravel/SalProjects/vendor/laravel/framework/src/Illuminate/Foundation/Http/Middleware/VerifyCsrfToken.php(78): Illuminate\\Pipeline\\Pipeline->Illuminate\\Pipeline\\{closure}(Object(Illuminate\\Http\\Request))
#29 /Applications/MAMP/htdocs/Laravel/SalProjects/vendor/laravel/framework/src/Illuminate/Pipeline/Pipeline.php(183): Illuminate\\Foundation\\Http\\Middleware\\VerifyCsrfToken->handle(Object(Illuminate\\Http\\Request), Object(Closure))
#30 /Applications/MAMP/htdocs/Laravel/SalProjects/vendor/laravel/framework/src/Illuminate/View/Middleware/ShareErrorsFromSession.php(49): Illuminate\\Pipeline\\Pipeline->Illuminate\\Pipeline\\{closure}(Object(Illuminate\\Http\\Request))
#31 /Applications/MAMP/htdocs/Laravel/SalProjects/vendor/laravel/framework/src/Illuminate/Pipeline/Pipeline.php(183): Illuminate\\View\\Middleware\\ShareErrorsFromSession->handle(Object(Illuminate\\Http\\Request), Object(Closure))
#32 /Applications/MAMP/htdocs/Laravel/SalProjects/vendor/laravel/framework/src/Illuminate/Session/Middleware/StartSession.php(121): Illuminate\\Pipeline\\Pipeline->Illuminate\\Pipeline\\{closure}(Object(Illuminate\\Http\\Request))
#33 /Applications/MAMP/htdocs/Laravel/SalProjects/vendor/laravel/framework/src/Illuminate/Session/Middleware/StartSession.php(64): Illuminate\\Session\\Middleware\\StartSession->handleStatefulRequest(Object(Illuminate\\Http\\Request), Object(Illuminate\\Session\\Store), Object(Closure))
#34 /Applications/MAMP/htdocs/Laravel/SalProjects/vendor/laravel/framework/src/Illuminate/Pipeline/Pipeline.php(183): Illuminate\\Session\\Middleware\\StartSession->handle(Object(Illuminate\\Http\\Request), Object(Closure))
#35 /Applications/MAMP/htdocs/Laravel/SalProjects/vendor/laravel/framework/src/Illuminate/Cookie/Middleware/AddQueuedCookiesToResponse.php(37): Illuminate\\Pipeline\\Pipeline->Illuminate\\Pipeline\\{closure}(Object(Illuminate\\Http\\Request))
#36 /Applications/MAMP/htdocs/Laravel/SalProjects/vendor/laravel/framework/src/Illuminate/Pipeline/Pipeline.php(183): Illuminate\\Cookie\\Middleware\\AddQueuedCookiesToResponse->handle(Object(Illuminate\\Http\\Request), Object(Closure))
#37 /Applications/MAMP/htdocs/Laravel/SalProjects/vendor/laravel/framework/src/Illuminate/Cookie/Middleware/EncryptCookies.php(67): Illuminate\\Pipeline\\Pipeline->Illuminate\\Pipeline\\{closure}(Object(Illuminate\\Http\\Request))
#38 /Applications/MAMP/htdocs/Laravel/SalProjects/vendor/laravel/framework/src/Illuminate/Pipeline/Pipeline.php(183): Illuminate\\Cookie\\Middleware\\EncryptCookies->handle(Object(Illuminate\\Http\\Request), Object(Closure))
#39 /Applications/MAMP/htdocs/Laravel/SalProjects/vendor/laravel/framework/src/Illuminate/Pipeline/Pipeline.php(119): Illuminate\\Pipeline\\Pipeline->Illuminate\\Pipeline\\{closure}(Object(Illuminate\\Http\\Request))
#40 /Applications/MAMP/htdocs/Laravel/SalProjects/vendor/laravel/framework/src/Illuminate/Routing/Router.php(805): Illuminate\\Pipeline\\Pipeline->then(Object(Closure))
#41 /Applications/MAMP/htdocs/Laravel/SalProjects/vendor/laravel/framework/src/Illuminate/Routing/Router.php(784): Illuminate\\Routing\\Router->runRouteWithinStack(Object(Illuminate\\Routing\\Route), Object(Illuminate\\Http\\Request))
#42 /Applications/MAMP/htdocs/Laravel/SalProjects/vendor/laravel/framework/src/Illuminate/Routing/Router.php(748): Illuminate\\Routing\\Router->runRoute(Object(Illuminate\\Http\\Request), Object(Illuminate\\Routing\\Route))
#43 /Applications/MAMP/htdocs/Laravel/SalProjects/vendor/laravel/framework/src/Illuminate/Routing/Router.php(737): Illuminate\\Routing\\Router->dispatchToRoute(Object(Illuminate\\Http\\Request))
#44 /Applications/MAMP/htdocs/Laravel/SalProjects/vendor/laravel/framework/src/Illuminate/Foundation/Http/Kernel.php(200): Illuminate\\Routing\\Router->dispatch(Object(Illuminate\\Http\\Request))
#45 /Applications/MAMP/htdocs/Laravel/SalProjects/vendor/laravel/framework/src/Illuminate/Pipeline/Pipeline.php(144): Illuminate\\Foundation\\Http\\Kernel->Illuminate\\Foundation\\Http\\{closure}(Object(Illuminate\\Http\\Request))
#46 /Applications/MAMP/htdocs/Laravel/SalProjects/vendor/laravel/framework/src/Illuminate/Foundation/Http/Middleware/TransformsRequest.php(21): Illuminate\\Pipeline\\Pipeline->Illuminate\\Pipeline\\{closure}(Object(Illuminate\\Http\\Request))
#47 /Applications/MAMP/htdocs/Laravel/SalProjects/vendor/laravel/framework/src/Illuminate/Foundation/Http/Middleware/ConvertEmptyStringsToNull.php(31): Illuminate\\Foundation\\Http\\Middleware\\TransformsRequest->handle(Object(Illuminate\\Http\\Request), Object(Closure))
#48 /Applications/MAMP/htdocs/Laravel/SalProjects/vendor/laravel/framework/src/Illuminate/Pipeline/Pipeline.php(183): Illuminate\\Foundation\\Http\\Middleware\\ConvertEmptyStringsToNull->handle(Object(Illuminate\\Http\\Request), Object(Closure))
#49 /Applications/MAMP/htdocs/Laravel/SalProjects/vendor/laravel/framework/src/Illuminate/Foundation/Http/Middleware/TransformsRequest.php(21): Illuminate\\Pipeline\\Pipeline->Illuminate\\Pipeline\\{closure}(Object(Illuminate\\Http\\Request))
#50 /Applications/MAMP/htdocs/Laravel/SalProjects/vendor/laravel/framework/src/Illuminate/Foundation/Http/Middleware/TrimStrings.php(40): Illuminate\\Foundation\\Http\\Middleware\\TransformsRequest->handle(Object(Illuminate\\Http\\Request), Object(Closure))
#51 /Applications/MAMP/htdocs/Laravel/SalProjects/vendor/laravel/framework/src/Illuminate/Pipeline/Pipeline.php(183): Illuminate\\Foundation\\Http\\Middleware\\TrimStrings->handle(Object(Illuminate\\Http\\Request), Object(Closure))
#52 /Applications/MAMP/htdocs/Laravel/SalProjects/vendor/laravel/framework/src/Illuminate/Foundation/Http/Middleware/ValidatePostSize.php(27): Illuminate\\Pipeline\\Pipeline->Illuminate\\Pipeline\\{closure}(Object(Illuminate\\Http\\Request))
#53 /Applications/MAMP/htdocs/Laravel/SalProjects/vendor/laravel/framework/src/Illuminate/Pipeline/Pipeline.php(183): Illuminate\\Foundation\\Http\\Middleware\\ValidatePostSize->handle(Object(Illuminate\\Http\\Request), Object(Closure))
#54 /Applications/MAMP/htdocs/Laravel/SalProjects/vendor/laravel/framework/src/Illuminate/Foundation/Http/Middleware/PreventRequestsDuringMaintenance.php(99): Illuminate\\Pipeline\\Pipeline->Illuminate\\Pipeline\\{closure}(Object(Illuminate\\Http\\Request))
#55 /Applications/MAMP/htdocs/Laravel/SalProjects/vendor/laravel/framework/src/Illuminate/Pipeline/Pipeline.php(183): Illuminate\\Foundation\\Http\\Middleware\\PreventRequestsDuringMaintenance->handle(Object(Illuminate\\Http\\Request), Object(Closure))
#56 /Applications/MAMP/htdocs/Laravel/SalProjects/vendor/laravel/framework/src/Illuminate/Http/Middleware/HandleCors.php(49): Illuminate\\Pipeline\\Pipeline->Illuminate\\Pipeline\\{closure}(Object(Illuminate\\Http\\Request))
#57 /Applications/MAMP/htdocs/Laravel/SalProjects/vendor/laravel/framework/src/Illuminate/Pipeline/Pipeline.php(183): Illuminate\\Http\\Middleware\\HandleCors->handle(Object(Illuminate\\Http\\Request), Object(Closure))
#58 /Applications/MAMP/htdocs/Laravel/SalProjects/vendor/laravel/framework/src/Illuminate/Http/Middleware/TrustProxies.php(39): Illuminate\\Pipeline\\Pipeline->Illuminate\\Pipeline\\{closure}(Object(Illuminate\\Http\\Request))
#59 /Applications/MAMP/htdocs/Laravel/SalProjects/vendor/laravel/framework/src/Illuminate/Pipeline/Pipeline.php(183): Illuminate\\Http\\Middleware\\TrustProxies->handle(Object(Illuminate\\Http\\Request), Object(Closure))
#60 /Applications/MAMP/htdocs/Laravel/SalProjects/vendor/laravel/framework/src/Illuminate/Pipeline/Pipeline.php(119): Illuminate\\Pipeline\\Pipeline->Illuminate\\Pipeline\\{closure}(Object(Illuminate\\Http\\Request))
#61 /Applications/MAMP/htdocs/Laravel/SalProjects/vendor/laravel/framework/src/Illuminate/Foundation/Http/Kernel.php(175): Illuminate\\Pipeline\\Pipeline->then(Object(Closure))
#62 /Applications/MAMP/htdocs/Laravel/SalProjects/vendor/laravel/framework/src/Illuminate/Foundation/Http/Kernel.php(144): Illuminate\\Foundation\\Http\\Kernel->sendRequestThroughRouter(Object(Illuminate\\Http\\Request))
#63 /Applications/MAMP/htdocs/Laravel/SalProjects/public/index.php(51): Illuminate\\Foundation\\Http\\Kernel->handle(Object(Illuminate\\Http\\Request))
#64 /Applications/MAMP/htdocs/Laravel/SalProjects/vendor/laravel/framework/src/Illuminate/Foundation/resources/server.php(16): require_once('/Applications/M...')
#65 {main}

[previous exception] [object] (PDOException(code: 22007): SQLSTATE[22007]: Invalid datetime format: 1292 Incorrect date value: '3-2024' for column 'report_month_year' at row 1 at /Applications/MAMP/htdocs/Laravel/SalProjects/vendor/laravel/framework/src/Illuminate/Database/Connection.php:587)
[stacktrace]
#0 /Applications/MAMP/htdocs/Laravel/SalProjects/vendor/laravel/framework/src/Illuminate/Database/Connection.php(587): PDOStatement->execute()
#1 /Applications/MAMP/htdocs/Laravel/SalProjects/vendor/laravel/framework/src/Illuminate/Database/Connection.php(816): Illuminate\\Database\\Connection->Illuminate\\Database\\{closure}('insert into `DP...', Array)
#2 /Applications/MAMP/htdocs/Laravel/SalProjects/vendor/laravel/framework/src/Illuminate/Database/Connection.php(783): Illuminate\\Database\\Connection->runQueryCallback('insert into `DP...', Array, Object(Closure))
#3 /Applications/MAMP/htdocs/Laravel/SalProjects/vendor/laravel/framework/src/Illuminate/Database/Connection.php(576): Illuminate\\Database\\Connection->run('insert into `DP...', Array, Object(Closure))
#4 /Applications/MAMP/htdocs/Laravel/SalProjects/vendor/laravel/framework/src/Illuminate/Database/Connection.php(540): Illuminate\\Database\\Connection->statement('insert into `DP...', Array)
#5 /Applications/MAMP/htdocs/Laravel/SalProjects/vendor/laravel/framework/src/Illuminate/Database/Query/Builder.php(3456): Illuminate\\Database\\Connection->insert('insert into `DP...', Array)
#6 /Applications/MAMP/htdocs/Laravel/SalProjects/vendor/laravel/framework/src/Illuminate/Database/Eloquent/Builder.php(1982): Illuminate\\Database\\Query\\Builder->insert(Array)
#7 /Applications/MAMP/htdocs/Laravel/SalProjects/vendor/laravel/framework/src/Illuminate/Database/Eloquent/Model.php(1309): Illuminate\\Database\\Eloquent\\Builder->__call('insert', Array)
#8 /Applications/MAMP/htdocs/Laravel/SalProjects/vendor/laravel/framework/src/Illuminate/Database/Eloquent/Model.php(1137): Illuminate\\Database\\Eloquent\\Model->performInsert(Object(Illuminate\\Database\\Eloquent\\Builder))
#9 /Applications/MAMP/htdocs/Laravel/SalProjects/vendor/laravel/framework/src/Illuminate/Database/Eloquent/Builder.php(1025): Illuminate\\Database\\Eloquent\\Model->save()
#10 /Applications/MAMP/htdocs/Laravel/SalProjects/vendor/laravel/framework/src/Illuminate/Support/helpers.php(307): Illuminate\\Database\\Eloquent\\Builder->Illuminate\\Database\\Eloquent\\{closure}(Object(App\\Models\\Reports\\Monthly\\DPReport))
#11 /Applications/MAMP/htdocs/Laravel/SalProjects/vendor/laravel/framework/src/Illuminate/Database/Eloquent/Builder.php(1024): tap(Object(App\\Models\\Reports\\Monthly\\DPReport), Object(Closure))
#12 /Applications/MAMP/htdocs/Laravel/SalProjects/vendor/laravel/framework/src/Illuminate/Support/Traits/ForwardsCalls.php(23): Illuminate\\Database\\Eloquent\\Builder->create(Array)
#13 /Applications/MAMP/htdocs/Laravel/SalProjects/vendor/laravel/framework/src/Illuminate/Database/Eloquent/Model.php(2334): Illuminate\\Database\\Eloquent\\Model->forwardCallTo(Object(Illuminate\\Database\\Eloquent\\Builder), 'create', Array)
#14 /Applications/MAMP/htdocs/Laravel/SalProjects/vendor/laravel/framework/src/Illuminate/Database/Eloquent/Model.php(2346): Illuminate\\Database\\Eloquent\\Model->__call('create', Array)
#15 /Applications/MAMP/htdocs/Laravel/SalProjects/app/Http/Controllers/Reports/Monthly/ReportController.php(80): Illuminate\\Database\\Eloquent\\Model::__callStatic('create', Array)
#16 /Applications/MAMP/htdocs/Laravel/SalProjects/vendor/laravel/framework/src/Illuminate/Routing/Controller.php(54): App\\Http\\Controllers\\Reports\\Monthly\\ReportController->store(Object(Illuminate\\Http\\Request))
#17 /Applications/MAMP/htdocs/Laravel/SalProjects/vendor/laravel/framework/src/Illuminate/Routing/ControllerDispatcher.php(43): Illuminate\\Routing\\Controller->callAction('store', Array)
#18 /Applications/MAMP/htdocs/Laravel/SalProjects/vendor/laravel/framework/src/Illuminate/Routing/Route.php(259): Illuminate\\Routing\\ControllerDispatcher->dispatch(Object(Illuminate\\Routing\\Route), Object(App\\Http\\Controllers\\Reports\\Monthly\\ReportController), 'store')
#19 /Applications/MAMP/htdocs/Laravel/SalProjects/vendor/laravel/framework/src/Illuminate/Routing/Route.php(205): Illuminate\\Routing\\Route->runController()
#20 /Applications/MAMP/htdocs/Laravel/SalProjects/vendor/laravel/framework/src/Illuminate/Routing/Router.php(806): Illuminate\\Routing\\Route->run()
#21 /Applications/MAMP/htdocs/Laravel/SalProjects/vendor/laravel/framework/src/Illuminate/Pipeline/Pipeline.php(144): Illuminate\\Routing\\Router->Illuminate\\Routing\\{closure}(Object(Illuminate\\Http\\Request))
#22 /Applications/MAMP/htdocs/Laravel/SalProjects/app/Http/Middleware/Role.php(22): Illuminate\\Pipeline\\Pipeline->Illuminate\\Pipeline\\{closure}(Object(Illuminate\\Http\\Request))
#23 /Applications/MAMP/htdocs/Laravel/SalProjects/vendor/laravel/framework/src/Illuminate/Pipeline/Pipeline.php(183): App\\Http\\Middleware\\Role->handle(Object(Illuminate\\Http\\Request), Object(Closure), 'executor')
#24 /Applications/MAMP/htdocs/Laravel/SalProjects/app/Http/Middleware/ShareProfileData.php(26): Illuminate\\Pipeline\\Pipeline->Illuminate\\Pipeline\\{closure}(Object(Illuminate\\Http\\Request))
#25 /Applications/MAMP/htdocs/Laravel/SalProjects/vendor/laravel/framework/src/Illuminate/Pipeline/Pipeline.php(183): App\\Http\\Middleware\\ShareProfileData->handle(Object(Illuminate\\Http\\Request), Object(Closure))
#26 /Applications/MAMP/htdocs/Laravel/SalProjects/vendor/laravel/framework/src/Illuminate/Routing/Middleware/SubstituteBindings.php(50): Illuminate\\Pipeline\\Pipeline->Illuminate\\Pipeline\\{closure}(Object(Illuminate\\Http\\Request))
#27 /Applications/MAMP/htdocs/Laravel/SalProjects/vendor/laravel/framework/src/Illuminate/Pipeline/Pipeline.php(183): Illuminate\\Routing\\Middleware\\SubstituteBindings->handle(Object(Illuminate\\Http\\Request), Object(Closure))
#28 /Applications/MAMP/htdocs/Laravel/SalProjects/vendor/laravel/framework/src/Illuminate/Auth/Middleware/Authenticate.php(57): Illuminate\\Pipeline\\Pipeline->Illuminate\\Pipeline\\{closure}(Object(Illuminate\\Http\\Request))
#29 /Applications/MAMP/htdocs/Laravel/SalProjects/vendor/laravel/framework/src/Illuminate/Pipeline/Pipeline.php(183): Illuminate\\Auth\\Middleware\\Authenticate->handle(Object(Illuminate\\Http\\Request), Object(Closure))
#30 /Applications/MAMP/htdocs/Laravel/SalProjects/vendor/laravel/framework/src/Illuminate/Foundation/Http/Middleware/VerifyCsrfToken.php(78): Illuminate\\Pipeline\\Pipeline->Illuminate\\Pipeline\\{closure}(Object(Illuminate\\Http\\Request))
#31 /Applications/MAMP/htdocs/Laravel/SalProjects/vendor/laravel/framework/src/Illuminate/Pipeline/Pipeline.php(183): Illuminate\\Foundation\\Http\\Middleware\\VerifyCsrfToken->handle(Object(Illuminate\\Http\\Request), Object(Closure))
#32 /Applications/MAMP/htdocs/Laravel/SalProjects/vendor/laravel/framework/src/Illuminate/View/Middleware/ShareErrorsFromSession.php(49): Illuminate\\Pipeline\\Pipeline->Illuminate\\Pipeline\\{closure}(Object(Illuminate\\Http\\Request))
#33 /Applications/MAMP/htdocs/Laravel/SalProjects/vendor/laravel/framework/src/Illuminate/Pipeline/Pipeline.php(183): Illuminate\\View\\Middleware\\ShareErrorsFromSession->handle(Object(Illuminate\\Http\\Request), Object(Closure))
#34 /Applications/MAMP/htdocs/Laravel/SalProjects/vendor/laravel/framework/src/Illuminate/Session/Middleware/StartSession.php(121): Illuminate\\Pipeline\\Pipeline->Illuminate\\Pipeline\\{closure}(Object(Illuminate\\Http\\Request))
#35 /Applications/MAMP/htdocs/Laravel/SalProjects/vendor/laravel/framework/src/Illuminate/Session/Middleware/StartSession.php(64): Illuminate\\Session\\Middleware\\StartSession->handleStatefulRequest(Object(Illuminate\\Http\\Request), Object(Illuminate\\Session\\Store), Object(Closure))
#36 /Applications/MAMP/htdocs/Laravel/SalProjects/vendor/laravel/framework/src/Illuminate/Pipeline/Pipeline.php(183): Illuminate\\Session\\Middleware\\StartSession->handle(Object(Illuminate\\Http\\Request), Object(Closure))
#37 /Applications/MAMP/htdocs/Laravel/SalProjects/vendor/laravel/framework/src/Illuminate/Cookie/Middleware/AddQueuedCookiesToResponse.php(37): Illuminate\\Pipeline\\Pipeline->Illuminate\\Pipeline\\{closure}(Object(Illuminate\\Http\\Request))
#38 /Applications/MAMP/htdocs/Laravel/SalProjects/vendor/laravel/framework/src/Illuminate/Pipeline/Pipeline.php(183): Illuminate\\Cookie\\Middleware\\AddQueuedCookiesToResponse->handle(Object(Illuminate\\Http\\Request), Object(Closure))
#39 /Applications/MAMP/htdocs/Laravel/SalProjects/vendor/laravel/framework/src/Illuminate/Cookie/Middleware/EncryptCookies.php(67): Illuminate\\Pipeline\\Pipeline->Illuminate\\Pipeline\\{closure}(Object(Illuminate\\Http\\Request))
#40 /Applications/MAMP/htdocs/Laravel/SalProjects/vendor/laravel/framework/src/Illuminate/Pipeline/Pipeline.php(183): Illuminate\\Cookie\\Middleware\\EncryptCookies->handle(Object(Illuminate\\Http\\Request), Object(Closure))
#41 /Applications/MAMP/htdocs/Laravel/SalProjects/vendor/laravel/framework/src/Illuminate/Pipeline/Pipeline.php(119): Illuminate\\Pipeline\\Pipeline->Illuminate\\Pipeline\\{closure}(Object(Illuminate\\Http\\Request))
#42 /Applications/MAMP/htdocs/Laravel/SalProjects/vendor/laravel/framework/src/Illuminate/Routing/Router.php(805): Illuminate\\Pipeline\\Pipeline->then(Object(Closure))
#43 /Applications/MAMP/htdocs/Laravel/SalProjects/vendor/laravel/framework/src/Illuminate/Routing/Router.php(784): Illuminate\\Routing\\Router->runRouteWithinStack(Object(Illuminate\\Routing\\Route), Object(Illuminate\\Http\\Request))
#44 /Applications/MAMP/htdocs/Laravel/SalProjects/vendor/laravel/framework/src/Illuminate/Routing/Router.php(748): Illuminate\\Routing\\Router->runRoute(Object(Illuminate\\Http\\Request), Object(Illuminate\\Routing\\Route))
#45 /Applications/MAMP/htdocs/Laravel/SalProjects/vendor/laravel/framework/src/Illuminate/Routing/Router.php(737): Illuminate\\Routing\\Router->dispatchToRoute(Object(Illuminate\\Http\\Request))
#46 /Applications/MAMP/htdocs/Laravel/SalProjects/vendor/laravel/framework/src/Illuminate/Foundation/Http/Kernel.php(200): Illuminate\\Routing\\Router->dispatch(Object(Illuminate\\Http\\Request))
#47 /Applications/MAMP/htdocs/Laravel/SalProjects/vendor/laravel/framework/src/Illuminate/Pipeline/Pipeline.php(144): Illuminate\\Foundation\\Http\\Kernel->Illuminate\\Foundation\\Http\\{closure}(Object(Illuminate\\Http\\Request))
#48 /Applications/MAMP/htdocs/Laravel/SalProjects/vendor/laravel/framework/src/Illuminate/Foundation/Http/Middleware/TransformsRequest.php(21): Illuminate\\Pipeline\\Pipeline->Illuminate\\Pipeline\\{closure}(Object(Illuminate\\Http\\Request))
#49 /Applications/MAMP/htdocs/Laravel/SalProjects/vendor/laravel/framework/src/Illuminate/Foundation/Http/Middleware/ConvertEmptyStringsToNull.php(31): Illuminate\\Foundation\\Http\\Middleware\\TransformsRequest->handle(Object(Illuminate\\Http\\Request), Object(Closure))
#50 /Applications/MAMP/htdocs/Laravel/SalProjects/vendor/laravel/framework/src/Illuminate/Pipeline/Pipeline.php(183): Illuminate\\Foundation\\Http\\Middleware\\ConvertEmptyStringsToNull->handle(Object(Illuminate\\Http\\Request), Object(Closure))
#51 /Applications/MAMP/htdocs/Laravel/SalProjects/vendor/laravel/framework/src/Illuminate/Foundation/Http/Middleware/TransformsRequest.php(21): Illuminate\\Pipeline\\Pipeline->Illuminate\\Pipeline\\{closure}(Object(Illuminate\\Http\\Request))
#52 /Applications/MAMP/htdocs/Laravel/SalProjects/vendor/laravel/framework/src/Illuminate/Foundation/Http/Middleware/TrimStrings.php(40): Illuminate\\Foundation\\Http\\Middleware\\TransformsRequest->handle(Object(Illuminate\\Http\\Request), Object(Closure))
#53 /Applications/MAMP/htdocs/Laravel/SalProjects/vendor/laravel/framework/src/Illuminate/Pipeline/Pipeline.php(183): Illuminate\\Foundation\\Http\\Middleware\\TrimStrings->handle(Object(Illuminate\\Http\\Request), Object(Closure))
#54 /Applications/MAMP/htdocs/Laravel/SalProjects/vendor/laravel/framework/src/Illuminate/Foundation/Http/Middleware/ValidatePostSize.php(27): Illuminate\\Pipeline\\Pipeline->Illuminate\\Pipeline\\{closure}(Object(Illuminate\\Http\\Request))
#55 /Applications/MAMP/htdocs/Laravel/SalProjects/vendor/laravel/framework/src/Illuminate/Pipeline/Pipeline.php(183): Illuminate\\Foundation\\Http\\Middleware\\ValidatePostSize->handle(Object(Illuminate\\Http\\Request), Object(Closure))
#56 /Applications/MAMP/htdocs/Laravel/SalProjects/vendor/laravel/framework/src/Illuminate/Foundation/Http/Middleware/PreventRequestsDuringMaintenance.php(99): Illuminate\\Pipeline\\Pipeline->Illuminate\\Pipeline\\{closure}(Object(Illuminate\\Http\\Request))
#57 /Applications/MAMP/htdocs/Laravel/SalProjects/vendor/laravel/framework/src/Illuminate/Pipeline/Pipeline.php(183): Illuminate\\Foundation\\Http\\Middleware\\PreventRequestsDuringMaintenance->handle(Object(Illuminate\\Http\\Request), Object(Closure))
#58 /Applications/MAMP/htdocs/Laravel/SalProjects/vendor/laravel/framework/src/Illuminate/Http/Middleware/HandleCors.php(49): Illuminate\\Pipeline\\Pipeline->Illuminate\\Pipeline\\{closure}(Object(Illuminate\\Http\\Request))
#59 /Applications/MAMP/htdocs/Laravel/SalProjects/vendor/laravel/framework/src/Illuminate/Pipeline/Pipeline.php(183): Illuminate\\Http\\Middleware\\HandleCors->handle(Object(Illuminate\\Http\\Request), Object(Closure))
#60 /Applications/MAMP/htdocs/Laravel/SalProjects/vendor/laravel/framework/src/Illuminate/Http/Middleware/TrustProxies.php(39): Illuminate\\Pipeline\\Pipeline->Illuminate\\Pipeline\\{closure}(Object(Illuminate\\Http\\Request))
#61 /Applications/MAMP/htdocs/Laravel/SalProjects/vendor/laravel/framework/src/Illuminate/Pipeline/Pipeline.php(183): Illuminate\\Http\\Middleware\\TrustProxies->handle(Object(Illuminate\\Http\\Request), Object(Closure))
#62 /Applications/MAMP/htdocs/Laravel/SalProjects/vendor/laravel/framework/src/Illuminate/Pipeline/Pipeline.php(119): Illuminate\\Pipeline\\Pipeline->Illuminate\\Pipeline\\{closure}(Object(Illuminate\\Http\\Request))
#63 /Applications/MAMP/htdocs/Laravel/SalProjects/vendor/laravel/framework/src/Illuminate/Foundation/Http/Kernel.php(175): Illuminate\\Pipeline\\Pipeline->then(Object(Closure))
#64 /Applications/MAMP/htdocs/Laravel/SalProjects/vendor/laravel/framework/src/Illuminate/Foundation/Http/Kernel.php(144): Illuminate\\Foundation\\Http\\Kernel->sendRequestThroughRouter(Object(Illuminate\\Http\\Request))
#65 /Applications/MAMP/htdocs/Laravel/SalProjects/public/index.php(51): Illuminate\\Foundation\\Http\\Kernel->handle(Object(Illuminate\\Http\\Request))
#66 /Applications/MAMP/htdocs/Laravel/SalProjects/vendor/laravel/framework/src/Illuminate/Foundation/resources/server.php(16): require_once('/Applications/M...')
#67 {main}
"}
[2024-07-29 11:47:36] local.INFO: Entering create method {"project_id":"DP-0002"}
[2024-07-29 11:47:36] local.INFO: Project retrieved successfully {"project":{"App\\Models\\OldProjects\\Project":{"id":38,"project_id":"DP-0002","user_id":3,"project_type":"Development Projects","project_title":"DP-0002 706","society_name":"SARVAJANA SNEHA CHARITABLE TRUST","president_name":"Provincial 1","in_charge":21,"in_charge_name":"Hans Reichert","in_charge_mobile":"(559) 812-5104","in_charge_email":"leonardo20@example.net","executor_name":"Executor","executor_mobile":"101010","executor_email":"bounce@footprint.org.in","full_address":"executor address","overall_project_period":"2","current_phase":"2","commencement_month_year":"2023-2-01","overall_project_budget":"74150.00","amount_forwarded":"999.00","amount_sanctioned":"74150.00","opening_balance":null,"coordinator_india_name":"Coordinator India","coordinator_india_phone":"987654","coordinator_india_email":"hello@footprint.org.in","coordinator_luzern_name":"Coordinator Swiss","coordinator_luzern_phone":"+1-314-903-1561","coordinator_luzern_email":"wintheiser.marge@example.net","goal":"DP-0002","status":null,"created_at":"2024-07-24T08:31:50.000000Z","updated_at":"2024-07-24T08:31:50.000000Z"}}}
[2024-07-29 11:47:36] local.INFO: Retrieved highest phase for the project {"highestPhase":2}
[2024-07-29 11:47:36] local.INFO: Budgets retrieved for the highest phase {"budgets":{"Illuminate\\Database\\Eloquent\\Collection":[{"id":89,"project_id":"DP-0002","phase":2,"particular":"DP-0002 b1","rate_quantity":"550.00","rate_multiplier":"6.00","rate_duration":"6.00","rate_increase":"0.00","this_phase":"19800.00","next_phase":"0.00","created_at":"2024-07-24T08:31:50.000000Z","updated_at":"2024-07-24T08:31:50.000000Z"},{"id":90,"project_id":"DP-0002","phase":2,"particular":"DP-0002 b2","rate_quantity":"650.00","rate_multiplier":"7.00","rate_duration":"7.00","rate_increase":"0.00","this_phase":"31850.00","next_phase":"0.00","created_at":"2024-07-24T08:31:50.000000Z","updated_at":"2024-07-24T08:31:50.000000Z"}]}}
[2024-07-29 11:47:36] local.INFO: Sanctioned and forwarded amounts {"amountSanctioned":"74150.00","amountForwarded":"999.00"}
[2024-07-29 11:47:36] local.INFO: Last expenses retrieved {"lastExpenses":{"Illuminate\\Support\\Collection":{"DP-0002 b1":"505.00","DP-0002 b2":"507.00"}}}
..................
[2024-07-29 11:52:00] local.INFO: Entering create method {"project_id":"DP-0002"}
[2024-07-29 11:52:00] local.INFO: Project retrieved successfully {"project":{"App\\Models\\OldProjects\\Project":{"id":38,"project_id":"DP-0002","user_id":3,"project_type":"Development Projects","project_title":"DP-0002 706","society_name":"SARVAJANA SNEHA CHARITABLE TRUST","president_name":"Provincial 1","in_charge":21,"in_charge_name":"Hans Reichert","in_charge_mobile":"(559) 812-5104","in_charge_email":"leonardo20@example.net","executor_name":"Executor","executor_mobile":"101010","executor_email":"bounce@footprint.org.in","full_address":"executor address","overall_project_period":"2","current_phase":"2","commencement_month_year":"2023-2-01","overall_project_budget":"74150.00","amount_forwarded":"999.00","amount_sanctioned":"74150.00","opening_balance":null,"coordinator_india_name":"Coordinator India","coordinator_india_phone":"987654","coordinator_india_email":"hello@footprint.org.in","coordinator_luzern_name":"Coordinator Swiss","coordinator_luzern_phone":"+1-314-903-1561","coordinator_luzern_email":"wintheiser.marge@example.net","goal":"DP-0002","status":null,"created_at":"2024-07-24T08:31:50.000000Z","updated_at":"2024-07-24T08:31:50.000000Z"}}}
[2024-07-29 11:52:00] local.INFO: Retrieved highest phase for the project {"highestPhase":2}
[2024-07-29 11:52:00] local.INFO: Budgets retrieved for the highest phase {"budgets":{"Illuminate\\Database\\Eloquent\\Collection":[{"id":89,"project_id":"DP-0002","phase":2,"particular":"DP-0002 b1","rate_quantity":"550.00","rate_multiplier":"6.00","rate_duration":"6.00","rate_increase":"0.00","this_phase":"19800.00","next_phase":"0.00","created_at":"2024-07-24T08:31:50.000000Z","updated_at":"2024-07-24T08:31:50.000000Z"},{"id":90,"project_id":"DP-0002","phase":2,"particular":"DP-0002 b2","rate_quantity":"650.00","rate_multiplier":"7.00","rate_duration":"7.00","rate_increase":"0.00","this_phase":"31850.00","next_phase":"0.00","created_at":"2024-07-24T08:31:50.000000Z","updated_at":"2024-07-24T08:31:50.000000Z"}]}}
[2024-07-29 11:52:00] local.INFO: Sanctioned and forwarded amounts {"amountSanctioned":"74150.00","amountForwarded":"999.00"}
[2024-07-29 11:52:00] local.INFO: Last expenses retrieved {"lastExpenses":{"Illuminate\\Support\\Collection":{"DP-0002 b1":"505.00","DP-0002 b2":"507.00"}}}
///////
