
[2024-07-30 07:21:10] local.INFO: Store method initiated with data: {"data":{"_token":"8nTthtuoOsKcD5CWqRj2amBhK8EHyohnzGj0SMRV","project_id":"DP-0001","project_type":"Development Projects","project_id_display":"DP-0001","project_title":"test 1 696","place":"AjitSing Nagar","society_name":"SARVAJANA SNEHA CHARITABLE TRUST","commencement_month_year":"2024-2-01","in_charge":"Executor","total_beneficiaries":"7","report_month":"3","report_year":"2024","goal":"goal","objective":{"1":"jjj"},"expected_outcome":{"1":"jjj"},"month":{"1":{"1":"March"}},"summary_activities":{"1":{"1":{"1":"jjj"}}},"qualitative_quantitative_data":{"1":{"1":{"1":"jjj"}}},"intermediate_outcomes":{"1":{"1":{"1":"jjj"}}},"not_happened":{"1":"jjj"},"why_not_happened":{"1":"jjj"},"changes":{"1":"yes"},"why_changes":{"1":"jjj"},"lessons_learnt":{"1":"jjj"},"todo_lessons_learnt":{"1":"jjj"},"date":{"1":"2024-04-01"},"plan_next_month":{"1":"jjj"},"account_period_start":"2024-03-01","account_period_end":"2024-03-31","amount_sanctioned_overview":"122100.00","amount_forwarded_overview":"9999.00","amount_in_hand":"132099","particulars":["p2p1","p2p2","p2p3"],"amount_forwarded":["0","0","0"],"amount_sanctioned":["13750.00","23400.00","36750.00"],"total_amount":["13750","23400","36750"],"expenses_last_month":["0","0","0"],"expenses_this_month":["500","600","700"],"total_expenses":[null,null,null],"balance_amount":[null,null,null],"total_balance_forwarded":"0.00","photo_descriptions":["sdfghjkl"],"photos":[{"Illuminate\\Http\\UploadedFile":"/private/var/folders/rp/8chky69n0c35gj7lpvhsw_440000gn/T/phpBwzDeu"}]}}
[2024-07-30 07:21:10] local.ERROR: Validation failed {"error":{"photos.0":["The photos.0 field must be a file of type: jpeg, png, jpg, gif."]}}
[2024-07-30 07:21:10] local.ERROR: Array to string conversion {"userId":3,"exception":"[object] (ErrorException(code: 0): Array to string conversion at /Applications/MAMP/htdocs/Laravel/SalProjects/vendor/laravel/framework/src/Illuminate/Support/MessageBag.php:38)
[stacktrace]
#0 /Applications/MAMP/htdocs/Laravel/SalProjects/vendor/laravel/framework/src/Illuminate/Foundation/Bootstrap/HandleExceptions.php(255): Illuminate\\Foundation\\Bootstrap\\HandleExceptions->handleError(2, 'Array to string...', '/Applications/M...', 38)
#1 [internal function]: Illuminate\\Foundation\\Bootstrap\\HandleExceptions->Illuminate\\Foundation\\Bootstrap\\{closure}(2, 'Array to string...', '/Applications/M...', 38)
#2 /Applications/MAMP/htdocs/Laravel/SalProjects/vendor/laravel/framework/src/Illuminate/Support/MessageBag.php(38): array_unique(Array)
#3 /Applications/MAMP/htdocs/Laravel/SalProjects/vendor/laravel/framework/src/Illuminate/Http/RedirectResponse.php(160): Illuminate\\Support\\MessageBag->__construct(Array)
#4 /Applications/MAMP/htdocs/Laravel/SalProjects/vendor/laravel/framework/src/Illuminate/Http/RedirectResponse.php(133): Illuminate\\Http\\RedirectResponse->parseErrors(Object(Illuminate\\Validation\\ValidationException))
#5 /Applications/MAMP/htdocs/Laravel/SalProjects/app/Http/Controllers/Reports/Monthly/ReportController.php(167): Illuminate\\Http\\RedirectResponse->withErrors(Object(Illuminate\\Validation\\ValidationException))
#6 /Applications/MAMP/htdocs/Laravel/SalProjects/vendor/laravel/framework/src/Illuminate/Routing/Controller.php(54): App\\Http\\Controllers\\Reports\\Monthly\\ReportController->store(Object(Illuminate\\Http\\Request))
#7 /Applications/MAMP/htdocs/Laravel/SalProjects/vendor/laravel/framework/src/Illuminate/Routing/ControllerDispatcher.php(43): Illuminate\\Routing\\Controller->callAction('store', Array)
#8 /Applications/MAMP/htdocs/Laravel/SalProjects/vendor/laravel/framework/src/Illuminate/Routing/Route.php(259): Illuminate\\Routing\\ControllerDispatcher->dispatch(Object(Illuminate\\Routing\\Route), Object(App\\Http\\Controllers\\Reports\\Monthly\\ReportController), 'store')
#9 /Applications/MAMP/htdocs/Laravel/SalProjects/vendor/laravel/framework/src/Illuminate/Routing/Route.php(205): Illuminate\\Routing\\Route->runController()
#10 /Applications/MAMP/htdocs/Laravel/SalProjects/vendor/laravel/framework/src/Illuminate/Routing/Router.php(806): Illuminate\\Routing\\Route->run()
#11 /Applications/MAMP/htdocs/Laravel/SalProjects/vendor/laravel/framework/src/Illuminate/Pipeline/Pipeline.php(144): Illuminate\\Routing\\Router->Illuminate\\Routing\\{closure}(Object(Illuminate\\Http\\Request))
#12 /Applications/MAMP/htdocs/Laravel/SalProjects/app/Http/Middleware/Role.php(22): Illuminate\\Pipeline\\Pipeline->Illuminate\\Pipeline\\{closure}(Object(Illuminate\\Http\\Request))
#13 /Applications/MAMP/htdocs/Laravel/SalProjects/vendor/laravel/framework/src/Illuminate/Pipeline/Pipeline.php(183): App\\Http\\Middleware\\Role->handle(Object(Illuminate\\Http\\Request), Object(Closure), 'executor')
#14 /Applications/MAMP/htdocs/Laravel/SalProjects/app/Http/Middleware/ShareProfileData.php(26): Illuminate\\Pipeline\\Pipeline->Illuminate\\Pipeline\\{closure}(Object(Illuminate\\Http\\Request))
#15 /Applications/MAMP/htdocs/Laravel/SalProjects/vendor/laravel/framework/src/Illuminate/Pipeline/Pipeline.php(183): App\\Http\\Middleware\\ShareProfileData->handle(Object(Illuminate\\Http\\Request), Object(Closure))
#16 /Applications/MAMP/htdocs/Laravel/SalProjects/vendor/laravel/framework/src/Illuminate/Routing/Middleware/SubstituteBindings.php(50): Illuminate\\Pipeline\\Pipeline->Illuminate\\Pipeline\\{closure}(Object(Illuminate\\Http\\Request))
#17 /Applications/MAMP/htdocs/Laravel/SalProjects/vendor/laravel/framework/src/Illuminate/Pipeline/Pipeline.php(183): Illuminate\\Routing\\Middleware\\SubstituteBindings->handle(Object(Illuminate\\Http\\Request), Object(Closure))
#18 /Applications/MAMP/htdocs/Laravel/SalProjects/vendor/laravel/framework/src/Illuminate/Auth/Middleware/Authenticate.php(57): Illuminate\\Pipeline\\Pipeline->Illuminate\\Pipeline\\{closure}(Object(Illuminate\\Http\\Request))
#19 /Applications/MAMP/htdocs/Laravel/SalProjects/vendor/laravel/framework/src/Illuminate/Pipeline/Pipeline.php(183): Illuminate\\Auth\\Middleware\\Authenticate->handle(Object(Illuminate\\Http\\Request), Object(Closure))
#20 /Applications/MAMP/htdocs/Laravel/SalProjects/vendor/laravel/framework/src/Illuminate/Foundation/Http/Middleware/VerifyCsrfToken.php(78): Illuminate\\Pipeline\\Pipeline->Illuminate\\Pipeline\\{closure}(Object(Illuminate\\Http\\Request))
#21 /Applications/MAMP/htdocs/Laravel/SalProjects/vendor/laravel/framework/src/Illuminate/Pipeline/Pipeline.php(183): Illuminate\\Foundation\\Http\\Middleware\\VerifyCsrfToken->handle(Object(Illuminate\\Http\\Request), Object(Closure))
#22 /Applications/MAMP/htdocs/Laravel/SalProjects/vendor/laravel/framework/src/Illuminate/View/Middleware/ShareErrorsFromSession.php(49): Illuminate\\Pipeline\\Pipeline->Illuminate\\Pipeline\\{closure}(Object(Illuminate\\Http\\Request))
#23 /Applications/MAMP/htdocs/Laravel/SalProjects/vendor/laravel/framework/src/Illuminate/Pipeline/Pipeline.php(183): Illuminate\\View\\Middleware\\ShareErrorsFromSession->handle(Object(Illuminate\\Http\\Request), Object(Closure))
#24 /Applications/MAMP/htdocs/Laravel/SalProjects/vendor/laravel/framework/src/Illuminate/Session/Middleware/StartSession.php(121): Illuminate\\Pipeline\\Pipeline->Illuminate\\Pipeline\\{closure}(Object(Illuminate\\Http\\Request))
#25 /Applications/MAMP/htdocs/Laravel/SalProjects/vendor/laravel/framework/src/Illuminate/Session/Middleware/StartSession.php(64): Illuminate\\Session\\Middleware\\StartSession->handleStatefulRequest(Object(Illuminate\\Http\\Request), Object(Illuminate\\Session\\Store), Object(Closure))
#26 /Applications/MAMP/htdocs/Laravel/SalProjects/vendor/laravel/framework/src/Illuminate/Pipeline/Pipeline.php(183): Illuminate\\Session\\Middleware\\StartSession->handle(Object(Illuminate\\Http\\Request), Object(Closure))
#27 /Applications/MAMP/htdocs/Laravel/SalProjects/vendor/laravel/framework/src/Illuminate/Cookie/Middleware/AddQueuedCookiesToResponse.php(37): Illuminate\\Pipeline\\Pipeline->Illuminate\\Pipeline\\{closure}(Object(Illuminate\\Http\\Request))
#28 /Applications/MAMP/htdocs/Laravel/SalProjects/vendor/laravel/framework/src/Illuminate/Pipeline/Pipeline.php(183): Illuminate\\Cookie\\Middleware\\AddQueuedCookiesToResponse->handle(Object(Illuminate\\Http\\Request), Object(Closure))
#29 /Applications/MAMP/htdocs/Laravel/SalProjects/vendor/laravel/framework/src/Illuminate/Cookie/Middleware/EncryptCookies.php(67): Illuminate\\Pipeline\\Pipeline->Illuminate\\Pipeline\\{closure}(Object(Illuminate\\Http\\Request))
#30 /Applications/MAMP/htdocs/Laravel/SalProjects/vendor/laravel/framework/src/Illuminate/Pipeline/Pipeline.php(183): Illuminate\\Cookie\\Middleware\\EncryptCookies->handle(Object(Illuminate\\Http\\Request), Object(Closure))
#31 /Applications/MAMP/htdocs/Laravel/SalProjects/vendor/laravel/framework/src/Illuminate/Pipeline/Pipeline.php(119): Illuminate\\Pipeline\\Pipeline->Illuminate\\Pipeline\\{closure}(Object(Illuminate\\Http\\Request))
#32 /Applications/MAMP/htdocs/Laravel/SalProjects/vendor/laravel/framework/src/Illuminate/Routing/Router.php(805): Illuminate\\Pipeline\\Pipeline->then(Object(Closure))
#33 /Applications/MAMP/htdocs/Laravel/SalProjects/vendor/laravel/framework/src/Illuminate/Routing/Router.php(784): Illuminate\\Routing\\Router->runRouteWithinStack(Object(Illuminate\\Routing\\Route), Object(Illuminate\\Http\\Request))
#34 /Applications/MAMP/htdocs/Laravel/SalProjects/vendor/laravel/framework/src/Illuminate/Routing/Router.php(748): Illuminate\\Routing\\Router->runRoute(Object(Illuminate\\Http\\Request), Object(Illuminate\\Routing\\Route))
#35 /Applications/MAMP/htdocs/Laravel/SalProjects/vendor/laravel/framework/src/Illuminate/Routing/Router.php(737): Illuminate\\Routing\\Router->dispatchToRoute(Object(Illuminate\\Http\\Request))
#36 /Applications/MAMP/htdocs/Laravel/SalProjects/vendor/laravel/framework/src/Illuminate/Foundation/Http/Kernel.php(200): Illuminate\\Routing\\Router->dispatch(Object(Illuminate\\Http\\Request))
#37 /Applications/MAMP/htdocs/Laravel/SalProjects/vendor/laravel/framework/src/Illuminate/Pipeline/Pipeline.php(144): Illuminate\\Foundation\\Http\\Kernel->Illuminate\\Foundation\\Http\\{closure}(Object(Illuminate\\Http\\Request))
#38 /Applications/MAMP/htdocs/Laravel/SalProjects/vendor/laravel/framework/src/Illuminate/Foundation/Http/Middleware/TransformsRequest.php(21): Illuminate\\Pipeline\\Pipeline->Illuminate\\Pipeline\\{closure}(Object(Illuminate\\Http\\Request))
#39 /Applications/MAMP/htdocs/Laravel/SalProjects/vendor/laravel/framework/src/Illuminate/Foundation/Http/Middleware/ConvertEmptyStringsToNull.php(31): Illuminate\\Foundation\\Http\\Middleware\\TransformsRequest->handle(Object(Illuminate\\Http\\Request), Object(Closure))
#40 /Applications/MAMP/htdocs/Laravel/SalProjects/vendor/laravel/framework/src/Illuminate/Pipeline/Pipeline.php(183): Illuminate\\Foundation\\Http\\Middleware\\ConvertEmptyStringsToNull->handle(Object(Illuminate\\Http\\Request), Object(Closure))
#41 /Applications/MAMP/htdocs/Laravel/SalProjects/vendor/laravel/framework/src/Illuminate/Foundation/Http/Middleware/TransformsRequest.php(21): Illuminate\\Pipeline\\Pipeline->Illuminate\\Pipeline\\{closure}(Object(Illuminate\\Http\\Request))
#42 /Applications/MAMP/htdocs/Laravel/SalProjects/vendor/laravel/framework/src/Illuminate/Foundation/Http/Middleware/TrimStrings.php(40): Illuminate\\Foundation\\Http\\Middleware\\TransformsRequest->handle(Object(Illuminate\\Http\\Request), Object(Closure))
#43 /Applications/MAMP/htdocs/Laravel/SalProjects/vendor/laravel/framework/src/Illuminate/Pipeline/Pipeline.php(183): Illuminate\\Foundation\\Http\\Middleware\\TrimStrings->handle(Object(Illuminate\\Http\\Request), Object(Closure))
#44 /Applications/MAMP/htdocs/Laravel/SalProjects/vendor/laravel/framework/src/Illuminate/Foundation/Http/Middleware/ValidatePostSize.php(27): Illuminate\\Pipeline\\Pipeline->Illuminate\\Pipeline\\{closure}(Object(Illuminate\\Http\\Request))
#45 /Applications/MAMP/htdocs/Laravel/SalProjects/vendor/laravel/framework/src/Illuminate/Pipeline/Pipeline.php(183): Illuminate\\Foundation\\Http\\Middleware\\ValidatePostSize->handle(Object(Illuminate\\Http\\Request), Object(Closure))
#46 /Applications/MAMP/htdocs/Laravel/SalProjects/vendor/laravel/framework/src/Illuminate/Foundation/Http/Middleware/PreventRequestsDuringMaintenance.php(99): Illuminate\\Pipeline\\Pipeline->Illuminate\\Pipeline\\{closure}(Object(Illuminate\\Http\\Request))
#47 /Applications/MAMP/htdocs/Laravel/SalProjects/vendor/laravel/framework/src/Illuminate/Pipeline/Pipeline.php(183): Illuminate\\Foundation\\Http\\Middleware\\PreventRequestsDuringMaintenance->handle(Object(Illuminate\\Http\\Request), Object(Closure))
#48 /Applications/MAMP/htdocs/Laravel/SalProjects/vendor/laravel/framework/src/Illuminate/Http/Middleware/HandleCors.php(49): Illuminate\\Pipeline\\Pipeline->Illuminate\\Pipeline\\{closure}(Object(Illuminate\\Http\\Request))
#49 /Applications/MAMP/htdocs/Laravel/SalProjects/vendor/laravel/framework/src/Illuminate/Pipeline/Pipeline.php(183): Illuminate\\Http\\Middleware\\HandleCors->handle(Object(Illuminate\\Http\\Request), Object(Closure))
#50 /Applications/MAMP/htdocs/Laravel/SalProjects/vendor/laravel/framework/src/Illuminate/Http/Middleware/TrustProxies.php(39): Illuminate\\Pipeline\\Pipeline->Illuminate\\Pipeline\\{closure}(Object(Illuminate\\Http\\Request))
#51 /Applications/MAMP/htdocs/Laravel/SalProjects/vendor/laravel/framework/src/Illuminate/Pipeline/Pipeline.php(183): Illuminate\\Http\\Middleware\\TrustProxies->handle(Object(Illuminate\\Http\\Request), Object(Closure))
#52 /Applications/MAMP/htdocs/Laravel/SalProjects/vendor/laravel/framework/src/Illuminate/Pipeline/Pipeline.php(119): Illuminate\\Pipeline\\Pipeline->Illuminate\\Pipeline\\{closure}(Object(Illuminate\\Http\\Request))
#53 /Applications/MAMP/htdocs/Laravel/SalProjects/vendor/laravel/framework/src/Illuminate/Foundation/Http/Kernel.php(175): Illuminate\\Pipeline\\Pipeline->then(Object(Closure))
#54 /Applications/MAMP/htdocs/Laravel/SalProjects/vendor/laravel/framework/src/Illuminate/Foundation/Http/Kernel.php(144): Illuminate\\Foundation\\Http\\Kernel->sendRequestThroughRouter(Object(Illuminate\\Http\\Request))
#55 /Applications/MAMP/htdocs/Laravel/SalProjects/public/index.php(51): Illuminate\\Foundation\\Http\\Kernel->handle(Object(Illuminate\\Http\\Request))
#56 /Applications/MAMP/htdocs/Laravel/SalProjects/vendor/laravel/framework/src/Illuminate/Foundation/resources/server.php(16): require_once('/Applications/M...')
#57 {main}
"}
[2024-07-30 07:21:14] local.INFO: Entering create method {"project_id":"DP-0001"}
[2024-07-30 07:21:14] local.INFO: Project retrieved successfully {"project":{"App\\Models\\OldProjects\\Project":{"id":37,"project_id":"DP-0001","user_id":3,"project_type":"Development Projects","project_title":"test 1 696","society_name":"SARVAJANA SNEHA CHARITABLE TRUST","president_name":"Provincial 1","in_charge":18,"in_charge_name":null,"in_charge_mobile":null,"in_charge_email":null,"executor_name":"Executor","executor_mobile":"101010","executor_email":"bounce@footprint.org.in","full_address":"executor address","overall_project_period":"2","current_phase":"1","commencement_month_year":"2024-2-01","overall_project_budget":"122100.00","amount_forwarded":"9999.00","amount_sanctioned":"122100.00","opening_balance":null,"coordinator_india_name":"Coordinator India","coordinator_india_phone":"987654","coordinator_india_email":"hello@footprint.org.in","coordinator_luzern_name":"Coordinator Swiss","coordinator_luzern_phone":"+1-314-903-1561","coordinator_luzern_email":"wintheiser.marge@example.net","goal":"goal","status":null,"created_at":"2024-07-24T08:15:25.000000Z","updated_at":"2024-07-24T08:15:25.000000Z"}}}
[2024-07-30 07:21:14] local.INFO: Retrieved highest phase for the project {"highestPhase":2}
[2024-07-30 07:21:14] local.INFO: Budgets retrieved for the highest phase {"budgets":{"Illuminate\\Database\\Eloquent\\Collection":[{"id":84,"project_id":"DP-0001","phase":2,"particular":"p2p1","rate_quantity":"550.00","rate_multiplier":"5.00","rate_duration":"5.00","rate_increase":"0.00","this_phase":"13750.00","next_phase":"0.00","created_at":"2024-07-24T08:15:25.000000Z","updated_at":"2024-07-24T08:15:25.000000Z"},{"id":85,"project_id":"DP-0001","phase":2,"particular":"p2p2","rate_quantity":"650.00","rate_multiplier":"6.00","rate_duration":"6.00","rate_increase":"0.00","this_phase":"23400.00","next_phase":"0.00","created_at":"2024-07-24T08:15:25.000000Z","updated_at":"2024-07-24T08:15:25.000000Z"},{"id":86,"project_id":"DP-0001","phase":2,"particular":"p2p3","rate_quantity":"750.00","rate_multiplier":"7.00","rate_duration":"7.00","rate_increase":"0.00","this_phase":"36750.00","next_phase":"0.00","created_at":"2024-07-24T08:15:25.000000Z","updated_at":"2024-07-24T08:15:25.000000Z"}]}}
[2024-07-30 07:21:14] local.INFO: Sanctioned and forwarded amounts {"amountSanctioned":"122100.00","amountForwarded":"9999.00"}
[2024-07-30 07:21:14] local.INFO: Last expenses retrieved {"lastExpenses":{"Illuminate\\Database\\Eloquent\\Collection":[]}}
